[0.388s] Invoking command in '/home/felix/ros2_dev_ws/src/my_package': PYTHONPATH=/home/felix/ros2_dev_ws/install/my_package/lib/python3.8/site-packages:${PYTHONPATH} /usr/bin/python3 setup.py egg_info --egg-base ../../build/my_package build --build-base /home/felix/ros2_dev_ws/build/my_package/build install --prefix /home/felix/ros2_dev_ws/install/my_package --record /home/felix/ros2_dev_ws/build/my_package/install.log --single-version-externally-managed
[1.091s] running egg_info
[1.092s] creating ../../build/my_package/my_package.egg-info
[1.092s] writing ../../build/my_package/my_package.egg-info/PKG-INFO
[1.092s] writing dependency_links to ../../build/my_package/my_package.egg-info/dependency_links.txt
[1.092s] writing entry points to ../../build/my_package/my_package.egg-info/entry_points.txt
[1.092s] writing requirements to ../../build/my_package/my_package.egg-info/requires.txt
[1.092s] writing top-level names to ../../build/my_package/my_package.egg-info/top_level.txt
[1.222s] writing manifest file '../../build/my_package/my_package.egg-info/SOURCES.txt'
[1.418s] reading manifest file '../../build/my_package/my_package.egg-info/SOURCES.txt'
[1.419s] writing manifest file '../../build/my_package/my_package.egg-info/SOURCES.txt'
[1.420s] running build
[1.420s] running build_py
[1.420s] creating /home/felix/ros2_dev_ws/build/my_package/build
[1.421s] creating /home/felix/ros2_dev_ws/build/my_package/build/lib
[1.427s] creating /home/felix/ros2_dev_ws/build/my_package/build/lib/my_package
[1.427s] copying my_package/my_node.py -> /home/felix/ros2_dev_ws/build/my_package/build/lib/my_package
[1.428s] copying my_package/__init__.py -> /home/felix/ros2_dev_ws/build/my_package/build/lib/my_package
[1.428s] running install
[1.428s] running install_lib
[1.428s] creating /home/felix/ros2_dev_ws/install/my_package/lib/python3.8/site-packages/my_package
[1.428s] copying /home/felix/ros2_dev_ws/build/my_package/build/lib/my_package/my_node.py -> /home/felix/ros2_dev_ws/install/my_package/lib/python3.8/site-packages/my_package
[1.429s] copying /home/felix/ros2_dev_ws/build/my_package/build/lib/my_package/__init__.py -> /home/felix/ros2_dev_ws/install/my_package/lib/python3.8/site-packages/my_package
[1.429s] byte-compiling /home/felix/ros2_dev_ws/install/my_package/lib/python3.8/site-packages/my_package/my_node.py to my_node.cpython-38.pyc
[1.430s] byte-compiling /home/felix/ros2_dev_ws/install/my_package/lib/python3.8/site-packages/my_package/__init__.py to __init__.cpython-38.pyc
[1.430s] running install_data
[1.430s] creating /home/felix/ros2_dev_ws/install/my_package/share/ament_index
[1.431s] creating /home/felix/ros2_dev_ws/install/my_package/share/ament_index/resource_index
[1.431s] creating /home/felix/ros2_dev_ws/install/my_package/share/ament_index/resource_index/packages
[1.431s] copying resource/my_package -> /home/felix/ros2_dev_ws/install/my_package/share/ament_index/resource_index/packages
[1.431s] copying package.xml -> /home/felix/ros2_dev_ws/install/my_package/share/my_package
[1.432s] running install_egg_info
[1.453s] Copying ../../build/my_package/my_package.egg-info to /home/felix/ros2_dev_ws/install/my_package/lib/python3.8/site-packages/my_package-0.0.0-py3.8.egg-info
[1.453s] running install_scripts
[1.528s] Installing my_node script to /home/felix/ros2_dev_ws/install/my_package/lib/my_package
[1.528s] writing list of installed files to '/home/felix/ros2_dev_ws/build/my_package/install.log'
[1.583s] Invoked command in '/home/felix/ros2_dev_ws/src/my_package' returned '0': PYTHONPATH=/home/felix/ros2_dev_ws/install/my_package/lib/python3.8/site-packages:${PYTHONPATH} /usr/bin/python3 setup.py egg_info --egg-base ../../build/my_package build --build-base /home/felix/ros2_dev_ws/build/my_package/build install --prefix /home/felix/ros2_dev_ws/install/my_package --record /home/felix/ros2_dev_ws/build/my_package/install.log --single-version-externally-managed
