[0.056s] Invoking command in '/home/felix/ros2_dev_ws/build/turtlesim': CMAKE_PREFIX_PATH=/opt/ros/foxy /usr/bin/cmake /home/felix/ros2_dev_ws/src/ros_tutorials/turtlesim -DCMAKE_INSTALL_PREFIX=/home/felix/ros2_dev_ws/install/turtlesim
[2.157s] -- The C compiler identification is GNU 9.3.0
[3.521s] -- The CXX compiler identification is GNU 9.3.0
[3.584s] -- Check for working C compiler: /usr/bin/cc
[3.749s] -- Check for working C compiler: /usr/bin/cc -- works
[3.752s] -- Detecting C compiler ABI info
[3.903s] -- Detecting C compiler ABI info - done
[3.921s] -- Detecting C compile features
[3.921s] -- Detecting C compile features - done
[3.926s] -- Check for working CXX compiler: /usr/bin/c++
[4.047s] -- Check for working CXX compiler: /usr/bin/c++ -- works
[4.049s] -- Detecting CXX compiler ABI info
[4.183s] -- Detecting CXX compiler ABI info - done
[4.203s] -- Detecting CXX compile features
[4.204s] -- Detecting CXX compile features - done
[4.314s] -- Found ament_cmake: 0.9.8 (/opt/ros/foxy/share/ament_cmake/cmake)
[4.459s] -- Found PythonInterp: /usr/bin/python3 (found suitable version "3.8.5", minimum required is "3") 
[4.459s] -- Using PYTHON_EXECUTABLE: /usr/bin/python3
[5.095s] -- Found ament_index_cpp: 1.0.1 (/opt/ros/foxy/share/ament_index_cpp/cmake)
[5.128s] -- Found geometry_msgs: 2.0.3 (/opt/ros/foxy/share/geometry_msgs/cmake)
[5.400s] -- Using all available rosidl_typesupport_c: rosidl_typesupport_fastrtps_c;rosidl_typesupport_introspection_c
[5.697s] -- Found rosidl_adapter: 1.2.0 (/opt/ros/foxy/share/rosidl_adapter/cmake)
[6.340s] -- Found OpenSSL: /usr/lib/x86_64-linux-gnu/libcrypto.so (found version "1.1.1f")  
[6.390s] -- Found FastRTPS: /opt/ros/foxy/include  
[6.581s] -- Using all available rosidl_typesupport_cpp: rosidl_typesupport_fastrtps_cpp;rosidl_typesupport_introspection_cpp
[7.022s] -- Found rclcpp: 2.3.0 (/opt/ros/foxy/share/rclcpp/cmake)
[7.193s] -- Found rmw_implementation_cmake: 1.0.2 (/opt/ros/foxy/share/rmw_implementation_cmake/cmake)
[7.197s] -- Using RMW implementation 'rmw_fastrtps_cpp' as default
[7.220s] -- Looking for pthread.h
[7.515s] -- Looking for pthread.h - found
[7.515s] -- Performing Test CMAKE_HAVE_LIBC_PTHREAD
[7.761s] -- Performing Test CMAKE_HAVE_LIBC_PTHREAD - Failed
[7.761s] -- Looking for pthread_create in pthreads
[7.892s] -- Looking for pthread_create in pthreads - not found
[7.893s] -- Looking for pthread_create in pthread
[8.004s] -- Looking for pthread_create in pthread - found
[8.007s] -- Found Threads: TRUE  
[8.311s] -- Found rclcpp_action: 2.3.0 (/opt/ros/foxy/share/rclcpp_action/cmake)
[8.760s] -- Found rosidl_default_generators: 1.0.0 (/opt/ros/foxy/share/rosidl_default_generators/cmake)
[8.841s] -- Found std_srvs: 2.0.3 (/opt/ros/foxy/share/std_srvs/cmake)
[8.900s] -- Found PythonInterp: /usr/bin/python3 (found version "3.8.5") 
[9.268s] -- Found ament_cmake_ros: 0.9.0 (/opt/ros/foxy/share/ament_cmake_ros/cmake)
[9.499s] -- Using all available rosidl_typesupport_c: rosidl_typesupport_fastrtps_c;rosidl_typesupport_introspection_c
[9.541s] -- Using all available rosidl_typesupport_cpp: rosidl_typesupport_fastrtps_cpp;rosidl_typesupport_introspection_cpp
[9.581s] -- Found PythonInterp: /usr/bin/python3 (found suitable version "3.8.5", minimum required is "3.5") 
[9.621s] -- Found python_cmake_module: 0.8.0 (/opt/ros/foxy/share/python_cmake_module/cmake)
[9.781s] -- Found PythonLibs: /usr/lib/x86_64-linux-gnu/libpython3.8.so (found suitable version "3.8.5", minimum required is "3.5") 
[9.782s] -- Using PYTHON_EXECUTABLE: /usr/bin/python3
[9.782s] -- Using PYTHON_INCLUDE_DIRS: /usr/include/python3.8
[9.782s] -- Using PYTHON_LIBRARIES: /usr/lib/x86_64-linux-gnu/libpython3.8.so
[9.833s] -- Found PythonExtra: .so  
[10.078s] -- Configuring done
[10.439s] -- Generating done
[10.444s] -- Build files have been written to: /home/felix/ros2_dev_ws/build/turtlesim
[10.468s] Invoked command in '/home/felix/ros2_dev_ws/build/turtlesim' returned '0': CMAKE_PREFIX_PATH=/opt/ros/foxy /usr/bin/cmake /home/felix/ros2_dev_ws/src/ros_tutorials/turtlesim -DCMAKE_INSTALL_PREFIX=/home/felix/ros2_dev_ws/install/turtlesim
[10.474s] Invoking command in '/home/felix/ros2_dev_ws/build/turtlesim': CMAKE_PREFIX_PATH=/opt/ros/foxy /usr/bin/cmake --build /home/felix/ros2_dev_ws/build/turtlesim -- -j8 -l8
[10.554s] [35m[1mScanning dependencies of target turtlesim__cpp[0m
[10.556s] [  1%] [34m[1mGenerating C code for ROS interfaces[0m
[10.573s] [  2%] [34m[1mGenerating C++ code for ROS interfaces[0m
[12.372s] [  2%] Built target turtlesim__cpp
[12.395s] [  3%] [34m[1mGenerating C++ type support dispatch for ROS interfaces[0m
[12.396s] [  4%] [34m[1mGenerating C++ introspection for ROS interfaces[0m
[12.406s] [  5%] [34m[1mGenerating C++ type support for eProsima Fast-RTPS[0m
[12.491s] [35m[1mScanning dependencies of target turtlesim__rosidl_generator_c[0m
[12.590s] [  8%] [32mBuilding C object CMakeFiles/turtlesim__rosidl_generator_c.dir/rosidl_generator_c/turtlesim/action/detail/rotate_absolute__functions.c.o[0m
[12.591s] [  8%] [32mBuilding C object CMakeFiles/turtlesim__rosidl_generator_c.dir/rosidl_generator_c/turtlesim/srv/detail/kill__functions.c.o[0m
[12.591s] [  8%] [32mBuilding C object CMakeFiles/turtlesim__rosidl_generator_c.dir/rosidl_generator_c/turtlesim/msg/detail/pose__functions.c.o[0m
[12.593s] [  9%] [32mBuilding C object CMakeFiles/turtlesim__rosidl_generator_c.dir/rosidl_generator_c/turtlesim/srv/detail/set_pen__functions.c.o[0m
[12.599s] [ 10%] [32mBuilding C object CMakeFiles/turtlesim__rosidl_generator_c.dir/rosidl_generator_c/turtlesim/msg/detail/color__functions.c.o[0m
[12.755s] [ 12%] [32mBuilding C object CMakeFiles/turtlesim__rosidl_generator_c.dir/rosidl_generator_c/turtlesim/srv/detail/teleport_absolute__functions.c.o[0m
[12.756s] [ 12%] [32mBuilding C object CMakeFiles/turtlesim__rosidl_generator_c.dir/rosidl_generator_c/turtlesim/srv/detail/spawn__functions.c.o[0m
[12.770s] [ 13%] [32mBuilding C object CMakeFiles/turtlesim__rosidl_generator_c.dir/rosidl_generator_c/turtlesim/srv/detail/teleport_relative__functions.c.o[0m
[12.874s] [ 14%] [32m[1mLinking C shared library libturtlesim__rosidl_generator_c.so[0m
[13.034s] [ 14%] Built target turtlesim__rosidl_generator_c
[13.054s] [ 15%] [34m[1mGenerating C type support dispatch for ROS interfaces[0m
[13.056s] [ 16%] [34m[1mGenerating C introspection for ROS interfaces[0m
[13.401s] [35m[1mScanning dependencies of target turtlesim__rosidl_typesupport_cpp[0m
[13.646s] [ 18%] [32mBuilding CXX object CMakeFiles/turtlesim__rosidl_typesupport_cpp.dir/rosidl_typesupport_cpp/turtlesim/action/rotate_absolute__type_support.cpp.o[0m
[13.647s] [ 18%] [32mBuilding CXX object CMakeFiles/turtlesim__rosidl_typesupport_cpp.dir/rosidl_typesupport_cpp/turtlesim/msg/color__type_support.cpp.o[0m
[13.662s] [ 20%] [32mBuilding CXX object CMakeFiles/turtlesim__rosidl_typesupport_cpp.dir/rosidl_typesupport_cpp/turtlesim/srv/kill__type_support.cpp.o[0m
[13.662s] [ 20%] [32mBuilding CXX object CMakeFiles/turtlesim__rosidl_typesupport_cpp.dir/rosidl_typesupport_cpp/turtlesim/msg/pose__type_support.cpp.o[0m
[13.663s] [35m[1mScanning dependencies of target turtlesim__rosidl_typesupport_introspection_cpp[0m
[13.850s] [ 21%] [32mBuilding CXX object CMakeFiles/turtlesim__rosidl_typesupport_introspection_cpp.dir/rosidl_typesupport_introspection_cpp/turtlesim/action/detail/rotate_absolute__type_support.cpp.o[0m
[14.346s] [35m[1mScanning dependencies of target turtlesim__rosidl_typesupport_c[0m
[14.358s] [35m[1mScanning dependencies of target turtlesim__rosidl_typesupport_fastrtps_cpp[0m
[14.421s] [ 22%] [32mBuilding CXX object CMakeFiles/turtlesim__rosidl_typesupport_c.dir/rosidl_typesupport_c/turtlesim/action/rotate_absolute__type_support.cpp.o[0m
[14.481s] [ 23%] [32mBuilding CXX object CMakeFiles/turtlesim__rosidl_typesupport_fastrtps_cpp.dir/rosidl_typesupport_fastrtps_cpp/turtlesim/action/detail/dds_fastrtps/rotate_absolute__type_support.cpp.o[0m
[14.611s] [ 24%] [32mBuilding CXX object CMakeFiles/turtlesim__rosidl_typesupport_c.dir/rosidl_typesupport_c/turtlesim/msg/color__type_support.cpp.o[0m
[14.691s] [ 25%] [32mBuilding CXX object CMakeFiles/turtlesim__rosidl_typesupport_c.dir/rosidl_typesupport_c/turtlesim/msg/pose__type_support.cpp.o[0m
[14.769s] [ 26%] [32mBuilding CXX object CMakeFiles/turtlesim__rosidl_typesupport_c.dir/rosidl_typesupport_c/turtlesim/srv/kill__type_support.cpp.o[0m
[14.772s] [35m[1mScanning dependencies of target turtlesim__rosidl_typesupport_introspection_c[0m
[14.840s] [ 27%] [32mBuilding CXX object CMakeFiles/turtlesim__rosidl_typesupport_c.dir/rosidl_typesupport_c/turtlesim/srv/set_pen__type_support.cpp.o[0m
[14.865s] [ 28%] [32mBuilding C object CMakeFiles/turtlesim__rosidl_typesupport_introspection_c.dir/rosidl_typesupport_introspection_c/turtlesim/action/detail/rotate_absolute__type_support.c.o[0m
[14.923s] [ 29%] [32mBuilding CXX object CMakeFiles/turtlesim__rosidl_typesupport_c.dir/rosidl_typesupport_c/turtlesim/srv/spawn__type_support.cpp.o[0m
[14.999s] [ 30%] [32mBuilding C object CMakeFiles/turtlesim__rosidl_typesupport_introspection_c.dir/rosidl_typesupport_introspection_c/turtlesim/msg/detail/color__type_support.c.o[0m
[15.006s] [ 31%] [32mBuilding CXX object CMakeFiles/turtlesim__rosidl_typesupport_c.dir/rosidl_typesupport_c/turtlesim/srv/teleport_absolute__type_support.cpp.o[0m
[15.088s] [ 32%] [32mBuilding C object CMakeFiles/turtlesim__rosidl_typesupport_introspection_c.dir/rosidl_typesupport_introspection_c/turtlesim/msg/detail/pose__type_support.c.o[0m
[15.095s] [ 33%] [32mBuilding CXX object CMakeFiles/turtlesim__rosidl_typesupport_c.dir/rosidl_typesupport_c/turtlesim/srv/teleport_relative__type_support.cpp.o[0m
[15.114s] [ 34%] [32mBuilding CXX object CMakeFiles/turtlesim__rosidl_typesupport_cpp.dir/rosidl_typesupport_cpp/turtlesim/srv/set_pen__type_support.cpp.o[0m
[15.115s] [ 35%] [32mBuilding C object CMakeFiles/turtlesim__rosidl_typesupport_introspection_c.dir/rosidl_typesupport_introspection_c/turtlesim/srv/detail/kill__type_support.c.o[0m
[15.141s] [ 36%] [32mBuilding C object CMakeFiles/turtlesim__rosidl_typesupport_introspection_c.dir/rosidl_typesupport_introspection_c/turtlesim/srv/detail/set_pen__type_support.c.o[0m
[15.181s] [ 37%] [32mBuilding CXX object CMakeFiles/turtlesim__rosidl_typesupport_cpp.dir/rosidl_typesupport_cpp/turtlesim/srv/spawn__type_support.cpp.o[0m
[15.183s] [ 38%] [32m[1mLinking CXX shared library libturtlesim__rosidl_typesupport_c.so[0m
[15.216s] [ 39%] [32mBuilding CXX object CMakeFiles/turtlesim__rosidl_typesupport_cpp.dir/rosidl_typesupport_cpp/turtlesim/srv/teleport_absolute__type_support.cpp.o[0m
[15.236s] [ 40%] [32mBuilding CXX object CMakeFiles/turtlesim__rosidl_typesupport_cpp.dir/rosidl_typesupport_cpp/turtlesim/srv/teleport_relative__type_support.cpp.o[0m
[15.255s] [ 41%] [32mBuilding C object CMakeFiles/turtlesim__rosidl_typesupport_introspection_c.dir/rosidl_typesupport_introspection_c/turtlesim/srv/detail/spawn__type_support.c.o[0m
[15.300s] [ 41%] Built target turtlesim__rosidl_typesupport_c
[15.329s] [ 42%] [32mBuilding C object CMakeFiles/turtlesim__rosidl_typesupport_introspection_c.dir/rosidl_typesupport_introspection_c/turtlesim/srv/detail/teleport_absolute__type_support.c.o[0m
[15.353s] [ 43%] [32mBuilding C object CMakeFiles/turtlesim__rosidl_typesupport_introspection_c.dir/rosidl_typesupport_introspection_c/turtlesim/srv/detail/teleport_relative__type_support.c.o[0m
[15.433s] [ 44%] [32mBuilding CXX object CMakeFiles/turtlesim__rosidl_typesupport_introspection_cpp.dir/rosidl_typesupport_introspection_cpp/turtlesim/msg/detail/color__type_support.cpp.o[0m
[15.443s] [ 45%] [32mBuilding CXX object CMakeFiles/turtlesim__rosidl_typesupport_introspection_cpp.dir/rosidl_typesupport_introspection_cpp/turtlesim/msg/detail/pose__type_support.cpp.o[0m
[15.446s] [ 46%] [32m[1mLinking C shared library libturtlesim__rosidl_typesupport_introspection_c.so[0m
[15.529s] [ 46%] Built target turtlesim__rosidl_typesupport_introspection_c
[15.552s] [ 47%] [32mBuilding CXX object CMakeFiles/turtlesim__rosidl_typesupport_introspection_cpp.dir/rosidl_typesupport_introspection_cpp/turtlesim/srv/detail/kill__type_support.cpp.o[0m
[15.954s] [ 48%] [32mBuilding CXX object CMakeFiles/turtlesim__rosidl_typesupport_introspection_cpp.dir/rosidl_typesupport_introspection_cpp/turtlesim/srv/detail/set_pen__type_support.cpp.o[0m
[16.022s] [ 49%] [32mBuilding CXX object CMakeFiles/turtlesim__rosidl_typesupport_introspection_cpp.dir/rosidl_typesupport_introspection_cpp/turtlesim/srv/detail/spawn__type_support.cpp.o[0m
[16.068s] [ 50%] [32mBuilding CXX object CMakeFiles/turtlesim__rosidl_typesupport_introspection_cpp.dir/rosidl_typesupport_introspection_cpp/turtlesim/srv/detail/teleport_absolute__type_support.cpp.o[0m
[16.131s] [ 51%] [32m[1mLinking CXX shared library libturtlesim__rosidl_typesupport_cpp.so[0m
[16.181s] [ 52%] [32mBuilding CXX object CMakeFiles/turtlesim__rosidl_typesupport_fastrtps_cpp.dir/rosidl_typesupport_fastrtps_cpp/turtlesim/msg/detail/dds_fastrtps/color__type_support.cpp.o[0m
[16.250s] [ 52%] Built target turtlesim__rosidl_typesupport_cpp
[16.269s] [ 53%] [32mBuilding CXX object CMakeFiles/turtlesim__rosidl_typesupport_introspection_cpp.dir/rosidl_typesupport_introspection_cpp/turtlesim/srv/detail/teleport_relative__type_support.cpp.o[0m
[16.275s] [ 54%] [32mBuilding CXX object CMakeFiles/turtlesim__rosidl_typesupport_fastrtps_cpp.dir/rosidl_typesupport_fastrtps_cpp/turtlesim/msg/detail/dds_fastrtps/pose__type_support.cpp.o[0m
[16.322s] [ 55%] [32mBuilding CXX object CMakeFiles/turtlesim__rosidl_typesupport_fastrtps_cpp.dir/rosidl_typesupport_fastrtps_cpp/turtlesim/srv/detail/dds_fastrtps/kill__type_support.cpp.o[0m
[16.439s] [ 56%] [32mBuilding CXX object CMakeFiles/turtlesim__rosidl_typesupport_fastrtps_cpp.dir/rosidl_typesupport_fastrtps_cpp/turtlesim/srv/detail/dds_fastrtps/set_pen__type_support.cpp.o[0m
[16.808s] [ 57%] [32mBuilding CXX object CMakeFiles/turtlesim__rosidl_typesupport_fastrtps_cpp.dir/rosidl_typesupport_fastrtps_cpp/turtlesim/srv/detail/dds_fastrtps/spawn__type_support.cpp.o[0m
[16.877s] [ 58%] [32mBuilding CXX object CMakeFiles/turtlesim__rosidl_typesupport_fastrtps_cpp.dir/rosidl_typesupport_fastrtps_cpp/turtlesim/srv/detail/dds_fastrtps/teleport_absolute__type_support.cpp.o[0m
[16.950s] [ 59%] [32mBuilding CXX object CMakeFiles/turtlesim__rosidl_typesupport_fastrtps_cpp.dir/rosidl_typesupport_fastrtps_cpp/turtlesim/srv/detail/dds_fastrtps/teleport_relative__type_support.cpp.o[0m
[17.093s] [ 60%] [32m[1mLinking CXX shared library libturtlesim__rosidl_typesupport_introspection_cpp.so[0m
[17.405s] [ 60%] Built target turtlesim__rosidl_typesupport_introspection_cpp
[17.980s] [ 61%] [32m[1mLinking CXX shared library libturtlesim__rosidl_typesupport_fastrtps_cpp.so[0m
[18.266s] [ 61%] Built target turtlesim__rosidl_typesupport_fastrtps_cpp
[18.286s] [ 62%] [34m[1mGenerating C type support for eProsima Fast-RTPS[0m
[19.694s] [35m[1mScanning dependencies of target turtlesim__rosidl_typesupport_fastrtps_c[0m
[19.747s] [ 63%] [32mBuilding CXX object CMakeFiles/turtlesim__rosidl_typesupport_fastrtps_c.dir/rosidl_typesupport_fastrtps_c/turtlesim/msg/detail/pose__type_support_c.cpp.o[0m
[19.748s] [ 65%] [32mBuilding CXX object CMakeFiles/turtlesim__rosidl_typesupport_fastrtps_c.dir/rosidl_typesupport_fastrtps_c/turtlesim/msg/detail/color__type_support_c.cpp.o[0m
[19.750s] [ 65%] [32mBuilding CXX object CMakeFiles/turtlesim__rosidl_typesupport_fastrtps_c.dir/rosidl_typesupport_fastrtps_c/turtlesim/action/detail/rotate_absolute__type_support_c.cpp.o[0m
[19.751s] [ 66%] [32mBuilding CXX object CMakeFiles/turtlesim__rosidl_typesupport_fastrtps_c.dir/rosidl_typesupport_fastrtps_c/turtlesim/srv/detail/kill__type_support_c.cpp.o[0m
[19.756s] [ 68%] [32mBuilding CXX object CMakeFiles/turtlesim__rosidl_typesupport_fastrtps_c.dir/rosidl_typesupport_fastrtps_c/turtlesim/srv/detail/teleport_relative__type_support_c.cpp.o[0m
[19.756s] [ 68%] [32mBuilding CXX object CMakeFiles/turtlesim__rosidl_typesupport_fastrtps_c.dir/rosidl_typesupport_fastrtps_c/turtlesim/srv/detail/set_pen__type_support_c.cpp.o[0m
[19.759s] [ 69%] [32mBuilding CXX object CMakeFiles/turtlesim__rosidl_typesupport_fastrtps_c.dir/rosidl_typesupport_fastrtps_c/turtlesim/srv/detail/teleport_absolute__type_support_c.cpp.o[0m
[19.763s] [ 70%] [32mBuilding CXX object CMakeFiles/turtlesim__rosidl_typesupport_fastrtps_c.dir/rosidl_typesupport_fastrtps_c/turtlesim/srv/detail/spawn__type_support_c.cpp.o[0m
[20.928s] [ 71%] [32m[1mLinking CXX shared library libturtlesim__rosidl_typesupport_fastrtps_c.so[0m
[21.106s] [ 71%] Built target turtlesim__rosidl_typesupport_fastrtps_c
[21.125s] [35m[1mScanning dependencies of target turtlesim[0m
[21.145s] [ 71%] Built target turtlesim
[21.164s] [35m[1mScanning dependencies of target turtle_teleop_key[0m
[21.164s] [35m[1mScanning dependencies of target draw_square[0m
[21.164s] [35m[1mScanning dependencies of target mimic[0m
[21.164s] [35m[1mScanning dependencies of target turtlesim__py[0m
[21.164s] [ 72%] [34m[1mGenerating include/turtlesim/moc_turtle_frame.cpp[0m
[21.183s] [ 73%] [34m[1mGenerating Python code for ROS interfaces[0m
[22.719s] [35m[1mScanning dependencies of target turtlesim_node[0m
[23.076s] [ 74%] [32mBuilding CXX object CMakeFiles/turtle_teleop_key.dir/tutorials/teleop_turtle_key.cpp.o[0m
[23.076s] [ 75%] [32mBuilding CXX object CMakeFiles/mimic.dir/tutorials/mimic.cpp.o[0m
[23.167s] [ 76%] [32mBuilding CXX object CMakeFiles/draw_square.dir/tutorials/draw_square.cpp.o[0m
[23.329s] [ 78%] [32mBuilding CXX object CMakeFiles/turtlesim_node.dir/src/turtle_frame.cpp.o[0m
[23.329s] [ 78%] [32mBuilding CXX object CMakeFiles/turtlesim_node.dir/src/turtle.cpp.o[0m
[23.329s] [ 79%] [32mBuilding CXX object CMakeFiles/turtlesim_node.dir/src/turtlesim.cpp.o[0m
[23.331s] [ 80%] [32mBuilding CXX object CMakeFiles/turtlesim_node.dir/include/turtlesim/moc_turtle_frame.cpp.o[0m
[30.975s] [ 80%] Built target turtlesim__py
[30.998s] [35m[1mScanning dependencies of target turtlesim__python[0m
[31.450s] [ 81%] [32mBuilding C object CMakeFiles/turtlesim__python.dir/rosidl_generator_py/turtlesim/action/_rotate_absolute_s.c.o[0m
[32.035s] [ 82%] [32mBuilding C object CMakeFiles/turtlesim__python.dir/rosidl_generator_py/turtlesim/msg/_color_s.c.o[0m
[32.287s] [ 83%] [32mBuilding C object CMakeFiles/turtlesim__python.dir/rosidl_generator_py/turtlesim/msg/_pose_s.c.o[0m
[32.349s] [ 84%] [32mBuilding C object CMakeFiles/turtlesim__python.dir/rosidl_generator_py/turtlesim/srv/_kill_s.c.o[0m
[32.602s] [ 85%] [32mBuilding C object CMakeFiles/turtlesim__python.dir/rosidl_generator_py/turtlesim/srv/_set_pen_s.c.o[0m
[32.667s] [ 86%] [32mBuilding C object CMakeFiles/turtlesim__python.dir/rosidl_generator_py/turtlesim/srv/_teleport_absolute_s.c.o[0m
[32.681s] [ 87%] [32mBuilding C object CMakeFiles/turtlesim__python.dir/rosidl_generator_py/turtlesim/srv/_spawn_s.c.o[0m
[32.945s] [ 88%] [32mBuilding C object CMakeFiles/turtlesim__python.dir/rosidl_generator_py/turtlesim/srv/_teleport_relative_s.c.o[0m
[33.254s] [ 89%] [32m[1mLinking C shared library rosidl_generator_py/turtlesim/libturtlesim__python.so[0m
[33.417s] [ 89%] Built target turtlesim__python
[33.439s] [35m[1mScanning dependencies of target turtlesim__rosidl_typesupport_introspection_c__pyext[0m
[33.441s] [35m[1mScanning dependencies of target turtlesim__rosidl_typesupport_fastrtps_c__pyext[0m
[33.453s] [35m[1mScanning dependencies of target turtlesim__rosidl_typesupport_c__pyext[0m
[33.495s] [ 90%] [32mBuilding C object CMakeFiles/turtlesim__rosidl_typesupport_introspection_c__pyext.dir/rosidl_generator_py/turtlesim/_turtlesim_s.ep.rosidl_typesupport_introspection_c.c.o[0m
[33.505s] [ 91%] [32mBuilding C object CMakeFiles/turtlesim__rosidl_typesupport_fastrtps_c__pyext.dir/rosidl_generator_py/turtlesim/_turtlesim_s.ep.rosidl_typesupport_fastrtps_c.c.o[0m
[33.512s] [ 92%] [32mBuilding C object CMakeFiles/turtlesim__rosidl_typesupport_c__pyext.dir/rosidl_generator_py/turtlesim/_turtlesim_s.ep.rosidl_typesupport_c.c.o[0m
[33.860s] [ 93%] [32m[1mLinking C shared library rosidl_generator_py/turtlesim/turtlesim_s__rosidl_typesupport_introspection_c.cpython-38-x86_64-linux-gnu.so[0m
[33.890s] [ 94%] [32m[1mLinking C shared library rosidl_generator_py/turtlesim/turtlesim_s__rosidl_typesupport_c.cpython-38-x86_64-linux-gnu.so[0m
[33.954s] [ 95%] [32m[1mLinking CXX shared library rosidl_generator_py/turtlesim/turtlesim_s__rosidl_typesupport_fastrtps_c.cpython-38-x86_64-linux-gnu.so[0m
[33.954s] [ 95%] Built target turtlesim__rosidl_typesupport_introspection_c__pyext
[34.021s] [ 95%] Built target turtlesim__rosidl_typesupport_c__pyext
[34.120s] [ 95%] Built target turtlesim__rosidl_typesupport_fastrtps_c__pyext
[35.862s] [ 96%] [32m[1mLinking CXX executable turtle_teleop_key[0m
[37.237s] [ 96%] Built target turtle_teleop_key
[37.855s] [ 97%] [32m[1mLinking CXX executable mimic[0m
[38.651s] [ 97%] Built target mimic
[39.317s] [ 98%] [32m[1mLinking CXX executable draw_square[0m
[39.967s] [ 98%] Built target draw_square
[42.263s] [100%] [32m[1mLinking CXX executable turtlesim_node[0m
[46.285s] [100%] Built target turtlesim_node
[46.366s] Invoked command in '/home/felix/ros2_dev_ws/build/turtlesim' returned '0': CMAKE_PREFIX_PATH=/opt/ros/foxy /usr/bin/cmake --build /home/felix/ros2_dev_ws/build/turtlesim -- -j8 -l8
[46.598s] Invoking command in '/home/felix/ros2_dev_ws/build/turtlesim': CMAKE_PREFIX_PATH=/opt/ros/foxy /usr/bin/cmake --install /home/felix/ros2_dev_ws/build/turtlesim
[46.611s] -- Install configuration: ""
[46.611s] -- Installing: /home/felix/ros2_dev_ws/install/turtlesim/share/ament_index/resource_index/rosidl_interfaces/turtlesim
[46.612s] -- Installing: /home/felix/ros2_dev_ws/install/turtlesim/include/turtlesim
[46.612s] -- Installing: /home/felix/ros2_dev_ws/install/turtlesim/include/turtlesim/action
[46.612s] -- Installing: /home/felix/ros2_dev_ws/install/turtlesim/include/turtlesim/action/detail
[46.612s] -- Installing: /home/felix/ros2_dev_ws/install/turtlesim/include/turtlesim/action/detail/rotate_absolute__type_support.h
[46.612s] -- Installing: /home/felix/ros2_dev_ws/install/turtlesim/include/turtlesim/action/detail/rotate_absolute__functions.c
[46.613s] -- Installing: /home/felix/ros2_dev_ws/install/turtlesim/include/turtlesim/action/detail/rotate_absolute__functions.h
[46.613s] -- Installing: /home/felix/ros2_dev_ws/install/turtlesim/include/turtlesim/action/detail/rotate_absolute__struct.h
[46.613s] -- Installing: /home/felix/ros2_dev_ws/install/turtlesim/include/turtlesim/action/rotate_absolute.h
[46.613s] -- Installing: /home/felix/ros2_dev_ws/install/turtlesim/include/turtlesim/srv
[46.613s] -- Installing: /home/felix/ros2_dev_ws/install/turtlesim/include/turtlesim/srv/teleport_absolute.h
[46.614s] -- Installing: /home/felix/ros2_dev_ws/install/turtlesim/include/turtlesim/srv/kill.h
[46.614s] -- Installing: /home/felix/ros2_dev_ws/install/turtlesim/include/turtlesim/srv/teleport_relative.h
[46.614s] -- Installing: /home/felix/ros2_dev_ws/install/turtlesim/include/turtlesim/srv/set_pen.h
[46.614s] -- Installing: /home/felix/ros2_dev_ws/install/turtlesim/include/turtlesim/srv/detail
[46.614s] -- Installing: /home/felix/ros2_dev_ws/install/turtlesim/include/turtlesim/srv/detail/spawn__struct.h
[46.614s] -- Installing: /home/felix/ros2_dev_ws/install/turtlesim/include/turtlesim/srv/detail/spawn__type_support.h
[46.615s] -- Installing: /home/felix/ros2_dev_ws/install/turtlesim/include/turtlesim/srv/detail/teleport_relative__type_support.h
[46.615s] -- Installing: /home/felix/ros2_dev_ws/install/turtlesim/include/turtlesim/srv/detail/spawn__functions.h
[46.615s] -- Installing: /home/felix/ros2_dev_ws/install/turtlesim/include/turtlesim/srv/detail/teleport_absolute__type_support.h
[46.615s] -- Installing: /home/felix/ros2_dev_ws/install/turtlesim/include/turtlesim/srv/detail/set_pen__struct.h
[46.615s] -- Installing: /home/felix/ros2_dev_ws/install/turtlesim/include/turtlesim/srv/detail/set_pen__functions.c
[46.616s] -- Installing: /home/felix/ros2_dev_ws/install/turtlesim/include/turtlesim/srv/detail/kill__functions.h
[46.616s] -- Installing: /home/felix/ros2_dev_ws/install/turtlesim/include/turtlesim/srv/detail/kill__struct.h
[46.616s] -- Installing: /home/felix/ros2_dev_ws/install/turtlesim/include/turtlesim/srv/detail/teleport_absolute__functions.h
[46.616s] -- Installing: /home/felix/ros2_dev_ws/install/turtlesim/include/turtlesim/srv/detail/teleport_absolute__struct.h
[46.616s] -- Installing: /home/felix/ros2_dev_ws/install/turtlesim/include/turtlesim/srv/detail/teleport_relative__functions.c
[46.617s] -- Installing: /home/felix/ros2_dev_ws/install/turtlesim/include/turtlesim/srv/detail/teleport_relative__functions.h
[46.617s] -- Installing: /home/felix/ros2_dev_ws/install/turtlesim/include/turtlesim/srv/detail/kill__functions.c
[46.617s] -- Installing: /home/felix/ros2_dev_ws/install/turtlesim/include/turtlesim/srv/detail/spawn__functions.c
[46.617s] -- Installing: /home/felix/ros2_dev_ws/install/turtlesim/include/turtlesim/srv/detail/set_pen__functions.h
[46.617s] -- Installing: /home/felix/ros2_dev_ws/install/turtlesim/include/turtlesim/srv/detail/kill__type_support.h
[46.617s] -- Installing: /home/felix/ros2_dev_ws/install/turtlesim/include/turtlesim/srv/detail/teleport_relative__struct.h
[46.617s] -- Installing: /home/felix/ros2_dev_ws/install/turtlesim/include/turtlesim/srv/detail/set_pen__type_support.h
[46.618s] -- Installing: /home/felix/ros2_dev_ws/install/turtlesim/include/turtlesim/srv/detail/teleport_absolute__functions.c
[46.618s] -- Installing: /home/felix/ros2_dev_ws/install/turtlesim/include/turtlesim/srv/spawn.h
[46.618s] -- Installing: /home/felix/ros2_dev_ws/install/turtlesim/include/turtlesim/msg
[46.618s] -- Installing: /home/felix/ros2_dev_ws/install/turtlesim/include/turtlesim/msg/rosidl_generator_c__visibility_control.h
[46.619s] -- Installing: /home/felix/ros2_dev_ws/install/turtlesim/include/turtlesim/msg/pose.h
[46.619s] -- Installing: /home/felix/ros2_dev_ws/install/turtlesim/include/turtlesim/msg/detail
[46.619s] -- Installing: /home/felix/ros2_dev_ws/install/turtlesim/include/turtlesim/msg/detail/color__functions.c
[46.619s] -- Installing: /home/felix/ros2_dev_ws/install/turtlesim/include/turtlesim/msg/detail/color__type_support.h
[46.619s] -- Installing: /home/felix/ros2_dev_ws/install/turtlesim/include/turtlesim/msg/detail/pose__functions.h
[46.619s] -- Installing: /home/felix/ros2_dev_ws/install/turtlesim/include/turtlesim/msg/detail/pose__struct.h
[46.620s] -- Installing: /home/felix/ros2_dev_ws/install/turtlesim/include/turtlesim/msg/detail/pose__type_support.h
[46.620s] -- Installing: /home/felix/ros2_dev_ws/install/turtlesim/include/turtlesim/msg/detail/pose__functions.c
[46.620s] -- Installing: /home/felix/ros2_dev_ws/install/turtlesim/include/turtlesim/msg/detail/color__functions.h
[46.620s] -- Installing: /home/felix/ros2_dev_ws/install/turtlesim/include/turtlesim/msg/detail/color__struct.h
[46.620s] -- Installing: /home/felix/ros2_dev_ws/install/turtlesim/include/turtlesim/msg/color.h
[46.620s] -- Installing: /home/felix/ros2_dev_ws/install/turtlesim/share/turtlesim/environment/library_path.sh
[46.620s] -- Installing: /home/felix/ros2_dev_ws/install/turtlesim/share/turtlesim/environment/library_path.dsv
[46.621s] -- Installing: /home/felix/ros2_dev_ws/install/turtlesim/lib/libturtlesim__rosidl_generator_c.so
[46.621s] -- Set runtime path of "/home/felix/ros2_dev_ws/install/turtlesim/lib/libturtlesim__rosidl_generator_c.so" to ""
[46.621s] -- Up-to-date: /home/felix/ros2_dev_ws/install/turtlesim/include/turtlesim
[46.621s] -- Up-to-date: /home/felix/ros2_dev_ws/install/turtlesim/include/turtlesim/action
[46.621s] -- Up-to-date: /home/felix/ros2_dev_ws/install/turtlesim/include/turtlesim/action/detail
[46.621s] -- Installing: /home/felix/ros2_dev_ws/install/turtlesim/include/turtlesim/action/detail/rotate_absolute__rosidl_typesupport_fastrtps_c.h
[46.621s] -- Up-to-date: /home/felix/ros2_dev_ws/install/turtlesim/include/turtlesim/srv
[46.621s] -- Up-to-date: /home/felix/ros2_dev_ws/install/turtlesim/include/turtlesim/srv/detail
[46.622s] -- Installing: /home/felix/ros2_dev_ws/install/turtlesim/include/turtlesim/srv/detail/teleport_absolute__rosidl_typesupport_fastrtps_c.h
[46.622s] -- Installing: /home/felix/ros2_dev_ws/install/turtlesim/include/turtlesim/srv/detail/teleport_relative__rosidl_typesupport_fastrtps_c.h
[46.622s] -- Installing: /home/felix/ros2_dev_ws/install/turtlesim/include/turtlesim/srv/detail/kill__rosidl_typesupport_fastrtps_c.h
[46.622s] -- Installing: /home/felix/ros2_dev_ws/install/turtlesim/include/turtlesim/srv/detail/set_pen__rosidl_typesupport_fastrtps_c.h
[46.622s] -- Installing: /home/felix/ros2_dev_ws/install/turtlesim/include/turtlesim/srv/detail/spawn__rosidl_typesupport_fastrtps_c.h
[46.622s] -- Up-to-date: /home/felix/ros2_dev_ws/install/turtlesim/include/turtlesim/msg
[46.622s] -- Installing: /home/felix/ros2_dev_ws/install/turtlesim/include/turtlesim/msg/rosidl_typesupport_fastrtps_c__visibility_control.h
[46.622s] -- Up-to-date: /home/felix/ros2_dev_ws/install/turtlesim/include/turtlesim/msg/detail
[46.623s] -- Installing: /home/felix/ros2_dev_ws/install/turtlesim/include/turtlesim/msg/detail/pose__rosidl_typesupport_fastrtps_c.h
[46.623s] -- Installing: /home/felix/ros2_dev_ws/install/turtlesim/include/turtlesim/msg/detail/color__rosidl_typesupport_fastrtps_c.h
[46.623s] -- Installing: /home/felix/ros2_dev_ws/install/turtlesim/lib/libturtlesim__rosidl_typesupport_fastrtps_c.so
[46.623s] -- Set runtime path of "/home/felix/ros2_dev_ws/install/turtlesim/lib/libturtlesim__rosidl_typesupport_fastrtps_c.so" to ""
[46.623s] -- Up-to-date: /home/felix/ros2_dev_ws/install/turtlesim/include/turtlesim
[46.623s] -- Up-to-date: /home/felix/ros2_dev_ws/install/turtlesim/include/turtlesim/action
[46.623s] -- Up-to-date: /home/felix/ros2_dev_ws/install/turtlesim/include/turtlesim/action/detail
[46.623s] -- Installing: /home/felix/ros2_dev_ws/install/turtlesim/include/turtlesim/action/detail/dds_fastrtps
[46.624s] -- Installing: /home/felix/ros2_dev_ws/install/turtlesim/include/turtlesim/action/detail/rotate_absolute__rosidl_typesupport_fastrtps_cpp.hpp
[46.624s] -- Up-to-date: /home/felix/ros2_dev_ws/install/turtlesim/include/turtlesim/srv
[46.624s] -- Up-to-date: /home/felix/ros2_dev_ws/install/turtlesim/include/turtlesim/srv/detail
[46.624s] -- Installing: /home/felix/ros2_dev_ws/install/turtlesim/include/turtlesim/srv/detail/teleport_absolute__rosidl_typesupport_fastrtps_cpp.hpp
[46.624s] -- Installing: /home/felix/ros2_dev_ws/install/turtlesim/include/turtlesim/srv/detail/dds_fastrtps
[46.624s] -- Installing: /home/felix/ros2_dev_ws/install/turtlesim/include/turtlesim/srv/detail/teleport_relative__rosidl_typesupport_fastrtps_cpp.hpp
[46.624s] -- Installing: /home/felix/ros2_dev_ws/install/turtlesim/include/turtlesim/srv/detail/set_pen__rosidl_typesupport_fastrtps_cpp.hpp
[46.624s] -- Installing: /home/felix/ros2_dev_ws/install/turtlesim/include/turtlesim/srv/detail/spawn__rosidl_typesupport_fastrtps_cpp.hpp
[46.624s] -- Installing: /home/felix/ros2_dev_ws/install/turtlesim/include/turtlesim/srv/detail/kill__rosidl_typesupport_fastrtps_cpp.hpp
[46.625s] -- Up-to-date: /home/felix/ros2_dev_ws/install/turtlesim/include/turtlesim/msg
[46.625s] -- Installing: /home/felix/ros2_dev_ws/install/turtlesim/include/turtlesim/msg/rosidl_typesupport_fastrtps_cpp__visibility_control.h
[46.625s] -- Up-to-date: /home/felix/ros2_dev_ws/install/turtlesim/include/turtlesim/msg/detail
[46.625s] -- Installing: /home/felix/ros2_dev_ws/install/turtlesim/include/turtlesim/msg/detail/color__rosidl_typesupport_fastrtps_cpp.hpp
[46.625s] -- Installing: /home/felix/ros2_dev_ws/install/turtlesim/include/turtlesim/msg/detail/dds_fastrtps
[46.625s] -- Installing: /home/felix/ros2_dev_ws/install/turtlesim/include/turtlesim/msg/detail/pose__rosidl_typesupport_fastrtps_cpp.hpp
[46.625s] -- Installing: /home/felix/ros2_dev_ws/install/turtlesim/lib/libturtlesim__rosidl_typesupport_fastrtps_cpp.so
[46.625s] -- Set runtime path of "/home/felix/ros2_dev_ws/install/turtlesim/lib/libturtlesim__rosidl_typesupport_fastrtps_cpp.so" to ""
[46.625s] -- Up-to-date: /home/felix/ros2_dev_ws/install/turtlesim/include/turtlesim
[46.626s] -- Up-to-date: /home/felix/ros2_dev_ws/install/turtlesim/include/turtlesim/action
[46.626s] -- Up-to-date: /home/felix/ros2_dev_ws/install/turtlesim/include/turtlesim/action/detail
[46.626s] -- Installing: /home/felix/ros2_dev_ws/install/turtlesim/include/turtlesim/action/detail/rotate_absolute__type_support.c
[46.626s] -- Installing: /home/felix/ros2_dev_ws/install/turtlesim/include/turtlesim/action/detail/rotate_absolute__rosidl_typesupport_introspection_c.h
[46.626s] -- Up-to-date: /home/felix/ros2_dev_ws/install/turtlesim/include/turtlesim/srv
[46.626s] -- Up-to-date: /home/felix/ros2_dev_ws/install/turtlesim/include/turtlesim/srv/detail
[46.626s] -- Installing: /home/felix/ros2_dev_ws/install/turtlesim/include/turtlesim/srv/detail/set_pen__type_support.c
[46.626s] -- Installing: /home/felix/ros2_dev_ws/install/turtlesim/include/turtlesim/srv/detail/teleport_relative__type_support.c
[46.627s] -- Installing: /home/felix/ros2_dev_ws/install/turtlesim/include/turtlesim/srv/detail/teleport_relative__rosidl_typesupport_introspection_c.h
[46.627s] -- Installing: /home/felix/ros2_dev_ws/install/turtlesim/include/turtlesim/srv/detail/spawn__type_support.c
[46.627s] -- Installing: /home/felix/ros2_dev_ws/install/turtlesim/include/turtlesim/srv/detail/kill__type_support.c
[46.627s] -- Installing: /home/felix/ros2_dev_ws/install/turtlesim/include/turtlesim/srv/detail/set_pen__rosidl_typesupport_introspection_c.h
[46.627s] -- Installing: /home/felix/ros2_dev_ws/install/turtlesim/include/turtlesim/srv/detail/teleport_absolute__type_support.c
[46.627s] -- Installing: /home/felix/ros2_dev_ws/install/turtlesim/include/turtlesim/srv/detail/teleport_absolute__rosidl_typesupport_introspection_c.h
[46.627s] -- Installing: /home/felix/ros2_dev_ws/install/turtlesim/include/turtlesim/srv/detail/kill__rosidl_typesupport_introspection_c.h
[46.627s] -- Installing: /home/felix/ros2_dev_ws/install/turtlesim/include/turtlesim/srv/detail/spawn__rosidl_typesupport_introspection_c.h
[46.628s] -- Up-to-date: /home/felix/ros2_dev_ws/install/turtlesim/include/turtlesim/msg
[46.628s] -- Installing: /home/felix/ros2_dev_ws/install/turtlesim/include/turtlesim/msg/rosidl_typesupport_introspection_c__visibility_control.h
[46.628s] -- Up-to-date: /home/felix/ros2_dev_ws/install/turtlesim/include/turtlesim/msg/detail
[46.628s] -- Installing: /home/felix/ros2_dev_ws/install/turtlesim/include/turtlesim/msg/detail/color__rosidl_typesupport_introspection_c.h
[46.628s] -- Installing: /home/felix/ros2_dev_ws/install/turtlesim/include/turtlesim/msg/detail/pose__type_support.c
[46.629s] -- Installing: /home/felix/ros2_dev_ws/install/turtlesim/include/turtlesim/msg/detail/pose__rosidl_typesupport_introspection_c.h
[46.629s] -- Installing: /home/felix/ros2_dev_ws/install/turtlesim/include/turtlesim/msg/detail/color__type_support.c
[46.629s] -- Installing: /home/felix/ros2_dev_ws/install/turtlesim/lib/libturtlesim__rosidl_typesupport_introspection_c.so
[46.629s] -- Set runtime path of "/home/felix/ros2_dev_ws/install/turtlesim/lib/libturtlesim__rosidl_typesupport_introspection_c.so" to ""
[46.629s] -- Installing: /home/felix/ros2_dev_ws/install/turtlesim/lib/libturtlesim__rosidl_typesupport_c.so
[46.630s] -- Set runtime path of "/home/felix/ros2_dev_ws/install/turtlesim/lib/libturtlesim__rosidl_typesupport_c.so" to ""
[46.630s] -- Up-to-date: /home/felix/ros2_dev_ws/install/turtlesim/include/turtlesim
[46.630s] -- Up-to-date: /home/felix/ros2_dev_ws/install/turtlesim/include/turtlesim/action
[46.630s] -- Installing: /home/felix/ros2_dev_ws/install/turtlesim/include/turtlesim/action/rotate_absolute.hpp
[46.630s] -- Up-to-date: /home/felix/ros2_dev_ws/install/turtlesim/include/turtlesim/action/detail
[46.631s] -- Installing: /home/felix/ros2_dev_ws/install/turtlesim/include/turtlesim/action/detail/rotate_absolute__traits.hpp
[46.631s] -- Installing: /home/felix/ros2_dev_ws/install/turtlesim/include/turtlesim/action/detail/rotate_absolute__builder.hpp
[46.631s] -- Installing: /home/felix/ros2_dev_ws/install/turtlesim/include/turtlesim/action/detail/rotate_absolute__struct.hpp
[46.631s] -- Up-to-date: /home/felix/ros2_dev_ws/install/turtlesim/include/turtlesim/srv
[46.631s] -- Installing: /home/felix/ros2_dev_ws/install/turtlesim/include/turtlesim/srv/spawn.hpp
[46.632s] -- Installing: /home/felix/ros2_dev_ws/install/turtlesim/include/turtlesim/srv/teleport_absolute.hpp
[46.632s] -- Installing: /home/felix/ros2_dev_ws/install/turtlesim/include/turtlesim/srv/kill.hpp
[46.632s] -- Up-to-date: /home/felix/ros2_dev_ws/install/turtlesim/include/turtlesim/srv/detail
[46.632s] -- Installing: /home/felix/ros2_dev_ws/install/turtlesim/include/turtlesim/srv/detail/teleport_relative__builder.hpp
[46.632s] -- Installing: /home/felix/ros2_dev_ws/install/turtlesim/include/turtlesim/srv/detail/set_pen__struct.hpp
[46.632s] -- Installing: /home/felix/ros2_dev_ws/install/turtlesim/include/turtlesim/srv/detail/kill__builder.hpp
[46.633s] -- Installing: /home/felix/ros2_dev_ws/install/turtlesim/include/turtlesim/srv/detail/spawn__builder.hpp
[46.633s] -- Installing: /home/felix/ros2_dev_ws/install/turtlesim/include/turtlesim/srv/detail/set_pen__builder.hpp
[46.633s] -- Installing: /home/felix/ros2_dev_ws/install/turtlesim/include/turtlesim/srv/detail/teleport_relative__struct.hpp
[46.633s] -- Installing: /home/felix/ros2_dev_ws/install/turtlesim/include/turtlesim/srv/detail/teleport_relative__traits.hpp
[46.633s] -- Installing: /home/felix/ros2_dev_ws/install/turtlesim/include/turtlesim/srv/detail/kill__struct.hpp
[46.633s] -- Installing: /home/felix/ros2_dev_ws/install/turtlesim/include/turtlesim/srv/detail/spawn__struct.hpp
[46.634s] -- Installing: /home/felix/ros2_dev_ws/install/turtlesim/include/turtlesim/srv/detail/teleport_absolute__struct.hpp
[46.634s] -- Installing: /home/felix/ros2_dev_ws/install/turtlesim/include/turtlesim/srv/detail/spawn__traits.hpp
[46.634s] -- Installing: /home/felix/ros2_dev_ws/install/turtlesim/include/turtlesim/srv/detail/teleport_absolute__builder.hpp
[46.634s] -- Installing: /home/felix/ros2_dev_ws/install/turtlesim/include/turtlesim/srv/detail/set_pen__traits.hpp
[46.634s] -- Installing: /home/felix/ros2_dev_ws/install/turtlesim/include/turtlesim/srv/detail/teleport_absolute__traits.hpp
[46.634s] -- Installing: /home/felix/ros2_dev_ws/install/turtlesim/include/turtlesim/srv/detail/kill__traits.hpp
[46.634s] -- Installing: /home/felix/ros2_dev_ws/install/turtlesim/include/turtlesim/srv/set_pen.hpp
[46.635s] -- Installing: /home/felix/ros2_dev_ws/install/turtlesim/include/turtlesim/srv/teleport_relative.hpp
[46.635s] -- Up-to-date: /home/felix/ros2_dev_ws/install/turtlesim/include/turtlesim/msg
[46.635s] -- Installing: /home/felix/ros2_dev_ws/install/turtlesim/include/turtlesim/msg/pose.hpp
[46.635s] -- Up-to-date: /home/felix/ros2_dev_ws/install/turtlesim/include/turtlesim/msg/detail
[46.635s] -- Installing: /home/felix/ros2_dev_ws/install/turtlesim/include/turtlesim/msg/detail/color__builder.hpp
[46.635s] -- Installing: /home/felix/ros2_dev_ws/install/turtlesim/include/turtlesim/msg/detail/color__struct.hpp
[46.635s] -- Installing: /home/felix/ros2_dev_ws/install/turtlesim/include/turtlesim/msg/detail/pose__builder.hpp
[46.636s] -- Installing: /home/felix/ros2_dev_ws/install/turtlesim/include/turtlesim/msg/detail/pose__traits.hpp
[46.636s] -- Installing: /home/felix/ros2_dev_ws/install/turtlesim/include/turtlesim/msg/detail/color__traits.hpp
[46.636s] -- Installing: /home/felix/ros2_dev_ws/install/turtlesim/include/turtlesim/msg/detail/pose__struct.hpp
[46.636s] -- Installing: /home/felix/ros2_dev_ws/install/turtlesim/include/turtlesim/msg/color.hpp
[46.636s] -- Up-to-date: /home/felix/ros2_dev_ws/install/turtlesim/include/turtlesim
[46.636s] -- Up-to-date: /home/felix/ros2_dev_ws/install/turtlesim/include/turtlesim/action
[46.636s] -- Up-to-date: /home/felix/ros2_dev_ws/install/turtlesim/include/turtlesim/action/detail
[46.637s] -- Installing: /home/felix/ros2_dev_ws/install/turtlesim/include/turtlesim/action/detail/rotate_absolute__rosidl_typesupport_introspection_cpp.hpp
[46.637s] -- Installing: /home/felix/ros2_dev_ws/install/turtlesim/include/turtlesim/action/detail/rotate_absolute__type_support.cpp
[46.637s] -- Up-to-date: /home/felix/ros2_dev_ws/install/turtlesim/include/turtlesim/srv
[46.637s] -- Up-to-date: /home/felix/ros2_dev_ws/install/turtlesim/include/turtlesim/srv/detail
[46.637s] -- Installing: /home/felix/ros2_dev_ws/install/turtlesim/include/turtlesim/srv/detail/spawn__type_support.cpp
[46.637s] -- Installing: /home/felix/ros2_dev_ws/install/turtlesim/include/turtlesim/srv/detail/kill__rosidl_typesupport_introspection_cpp.hpp
[46.637s] -- Installing: /home/felix/ros2_dev_ws/install/turtlesim/include/turtlesim/srv/detail/teleport_relative__type_support.cpp
[46.638s] -- Installing: /home/felix/ros2_dev_ws/install/turtlesim/include/turtlesim/srv/detail/spawn__rosidl_typesupport_introspection_cpp.hpp
[46.638s] -- Installing: /home/felix/ros2_dev_ws/install/turtlesim/include/turtlesim/srv/detail/teleport_relative__rosidl_typesupport_introspection_cpp.hpp
[46.638s] -- Installing: /home/felix/ros2_dev_ws/install/turtlesim/include/turtlesim/srv/detail/kill__type_support.cpp
[46.638s] -- Installing: /home/felix/ros2_dev_ws/install/turtlesim/include/turtlesim/srv/detail/set_pen__type_support.cpp
[46.638s] -- Installing: /home/felix/ros2_dev_ws/install/turtlesim/include/turtlesim/srv/detail/teleport_absolute__rosidl_typesupport_introspection_cpp.hpp
[46.638s] -- Installing: /home/felix/ros2_dev_ws/install/turtlesim/include/turtlesim/srv/detail/teleport_absolute__type_support.cpp
[46.639s] -- Installing: /home/felix/ros2_dev_ws/install/turtlesim/include/turtlesim/srv/detail/set_pen__rosidl_typesupport_introspection_cpp.hpp
[46.639s] -- Up-to-date: /home/felix/ros2_dev_ws/install/turtlesim/include/turtlesim/msg
[46.639s] -- Up-to-date: /home/felix/ros2_dev_ws/install/turtlesim/include/turtlesim/msg/detail
[46.639s] -- Installing: /home/felix/ros2_dev_ws/install/turtlesim/include/turtlesim/msg/detail/pose__rosidl_typesupport_introspection_cpp.hpp
[46.639s] -- Installing: /home/felix/ros2_dev_ws/install/turtlesim/include/turtlesim/msg/detail/pose__type_support.cpp
[46.639s] -- Installing: /home/felix/ros2_dev_ws/install/turtlesim/include/turtlesim/msg/detail/color__type_support.cpp
[46.639s] -- Installing: /home/felix/ros2_dev_ws/install/turtlesim/include/turtlesim/msg/detail/color__rosidl_typesupport_introspection_cpp.hpp
[46.640s] -- Installing: /home/felix/ros2_dev_ws/install/turtlesim/lib/libturtlesim__rosidl_typesupport_introspection_cpp.so
[46.640s] -- Set runtime path of "/home/felix/ros2_dev_ws/install/turtlesim/lib/libturtlesim__rosidl_typesupport_introspection_cpp.so" to ""
[46.640s] -- Installing: /home/felix/ros2_dev_ws/install/turtlesim/lib/libturtlesim__rosidl_typesupport_cpp.so
[46.640s] -- Set runtime path of "/home/felix/ros2_dev_ws/install/turtlesim/lib/libturtlesim__rosidl_typesupport_cpp.so" to ""
[46.640s] -- Installing: /home/felix/ros2_dev_ws/install/turtlesim/share/turtlesim/environment/pythonpath.sh
[46.640s] -- Installing: /home/felix/ros2_dev_ws/install/turtlesim/share/turtlesim/environment/pythonpath.dsv
[46.640s] -- Installing: /home/felix/ros2_dev_ws/install/turtlesim/lib/python3.8/site-packages/turtlesim/__init__.py
[46.775s] Compiling '/home/felix/ros2_dev_ws/install/turtlesim/lib/python3.8/site-packages/turtlesim/__init__.py'...
[46.783s] -- Installing: /home/felix/ros2_dev_ws/install/turtlesim/lib/python3.8/site-packages/turtlesim/action
[46.783s] -- Installing: /home/felix/ros2_dev_ws/install/turtlesim/lib/python3.8/site-packages/turtlesim/action/_rotate_absolute.py
[46.783s] -- Installing: /home/felix/ros2_dev_ws/install/turtlesim/lib/python3.8/site-packages/turtlesim/action/_rotate_absolute_s.c
[46.783s] -- Installing: /home/felix/ros2_dev_ws/install/turtlesim/lib/python3.8/site-packages/turtlesim/action/__init__.py
[46.784s] -- Installing: /home/felix/ros2_dev_ws/install/turtlesim/lib/python3.8/site-packages/turtlesim/msg
[46.784s] -- Installing: /home/felix/ros2_dev_ws/install/turtlesim/lib/python3.8/site-packages/turtlesim/msg/_color.py
[46.784s] -- Installing: /home/felix/ros2_dev_ws/install/turtlesim/lib/python3.8/site-packages/turtlesim/msg/_color_s.c
[46.784s] -- Installing: /home/felix/ros2_dev_ws/install/turtlesim/lib/python3.8/site-packages/turtlesim/msg/__init__.py
[46.784s] -- Installing: /home/felix/ros2_dev_ws/install/turtlesim/lib/python3.8/site-packages/turtlesim/msg/_pose_s.c
[46.785s] -- Installing: /home/felix/ros2_dev_ws/install/turtlesim/lib/python3.8/site-packages/turtlesim/msg/_pose.py
[46.785s] -- Installing: /home/felix/ros2_dev_ws/install/turtlesim/lib/python3.8/site-packages/turtlesim/srv
[46.785s] -- Installing: /home/felix/ros2_dev_ws/install/turtlesim/lib/python3.8/site-packages/turtlesim/srv/_teleport_relative.py
[46.785s] -- Installing: /home/felix/ros2_dev_ws/install/turtlesim/lib/python3.8/site-packages/turtlesim/srv/_set_pen.py
[46.785s] -- Installing: /home/felix/ros2_dev_ws/install/turtlesim/lib/python3.8/site-packages/turtlesim/srv/_kill.py
[46.785s] -- Installing: /home/felix/ros2_dev_ws/install/turtlesim/lib/python3.8/site-packages/turtlesim/srv/_teleport_absolute_s.c
[46.786s] -- Installing: /home/felix/ros2_dev_ws/install/turtlesim/lib/python3.8/site-packages/turtlesim/srv/_spawn.py
[46.786s] -- Installing: /home/felix/ros2_dev_ws/install/turtlesim/lib/python3.8/site-packages/turtlesim/srv/_teleport_absolute.py
[46.786s] -- Installing: /home/felix/ros2_dev_ws/install/turtlesim/lib/python3.8/site-packages/turtlesim/srv/_spawn_s.c
[46.786s] -- Installing: /home/felix/ros2_dev_ws/install/turtlesim/lib/python3.8/site-packages/turtlesim/srv/__init__.py
[46.786s] -- Installing: /home/felix/ros2_dev_ws/install/turtlesim/lib/python3.8/site-packages/turtlesim/srv/_kill_s.c
[46.786s] -- Installing: /home/felix/ros2_dev_ws/install/turtlesim/lib/python3.8/site-packages/turtlesim/srv/_teleport_relative_s.c
[46.787s] -- Installing: /home/felix/ros2_dev_ws/install/turtlesim/lib/python3.8/site-packages/turtlesim/srv/_set_pen_s.c
[46.787s] -- Installing: /home/felix/ros2_dev_ws/install/turtlesim/lib/python3.8/site-packages/turtlesim/turtlesim_s__rosidl_typesupport_fastrtps_c.cpython-38-x86_64-linux-gnu.so
[46.788s] -- Set runtime path of "/home/felix/ros2_dev_ws/install/turtlesim/lib/python3.8/site-packages/turtlesim/turtlesim_s__rosidl_typesupport_fastrtps_c.cpython-38-x86_64-linux-gnu.so" to ""
[46.788s] -- Installing: /home/felix/ros2_dev_ws/install/turtlesim/lib/python3.8/site-packages/turtlesim/turtlesim_s__rosidl_typesupport_introspection_c.cpython-38-x86_64-linux-gnu.so
[46.789s] -- Set runtime path of "/home/felix/ros2_dev_ws/install/turtlesim/lib/python3.8/site-packages/turtlesim/turtlesim_s__rosidl_typesupport_introspection_c.cpython-38-x86_64-linux-gnu.so" to ""
[46.790s] -- Installing: /home/felix/ros2_dev_ws/install/turtlesim/lib/python3.8/site-packages/turtlesim/turtlesim_s__rosidl_typesupport_c.cpython-38-x86_64-linux-gnu.so
[46.791s] -- Set runtime path of "/home/felix/ros2_dev_ws/install/turtlesim/lib/python3.8/site-packages/turtlesim/turtlesim_s__rosidl_typesupport_c.cpython-38-x86_64-linux-gnu.so" to ""
[46.791s] -- Installing: /home/felix/ros2_dev_ws/install/turtlesim/lib/libturtlesim__python.so
[46.792s] -- Set runtime path of "/home/felix/ros2_dev_ws/install/turtlesim/lib/libturtlesim__python.so" to ""
[46.792s] -- Installing: /home/felix/ros2_dev_ws/install/turtlesim/share/turtlesim/action/RotateAbsolute.idl
[46.792s] -- Installing: /home/felix/ros2_dev_ws/install/turtlesim/share/turtlesim/msg/Color.idl
[46.792s] -- Installing: /home/felix/ros2_dev_ws/install/turtlesim/share/turtlesim/msg/Pose.idl
[46.793s] -- Installing: /home/felix/ros2_dev_ws/install/turtlesim/share/turtlesim/srv/Kill.idl
[46.793s] -- Installing: /home/felix/ros2_dev_ws/install/turtlesim/share/turtlesim/srv/SetPen.idl
[46.793s] -- Installing: /home/felix/ros2_dev_ws/install/turtlesim/share/turtlesim/srv/Spawn.idl
[46.793s] -- Installing: /home/felix/ros2_dev_ws/install/turtlesim/share/turtlesim/srv/TeleportAbsolute.idl
[46.794s] -- Installing: /home/felix/ros2_dev_ws/install/turtlesim/share/turtlesim/srv/TeleportRelative.idl
[46.794s] -- Installing: /home/felix/ros2_dev_ws/install/turtlesim/share/turtlesim/action/RotateAbsolute.action
[46.794s] -- Installing: /home/felix/ros2_dev_ws/install/turtlesim/share/turtlesim/msg/Color.msg
[46.795s] -- Installing: /home/felix/ros2_dev_ws/install/turtlesim/share/turtlesim/msg/Pose.msg
[46.795s] -- Installing: /home/felix/ros2_dev_ws/install/turtlesim/share/turtlesim/srv/Kill.srv
[46.795s] -- Installing: /home/felix/ros2_dev_ws/install/turtlesim/share/turtlesim/srv/Kill_Request.msg
[46.795s] -- Installing: /home/felix/ros2_dev_ws/install/turtlesim/share/turtlesim/srv/Kill_Response.msg
[46.795s] -- Installing: /home/felix/ros2_dev_ws/install/turtlesim/share/turtlesim/srv/SetPen.srv
[46.795s] -- Installing: /home/felix/ros2_dev_ws/install/turtlesim/share/turtlesim/srv/SetPen_Request.msg
[46.796s] -- Installing: /home/felix/ros2_dev_ws/install/turtlesim/share/turtlesim/srv/SetPen_Response.msg
[46.796s] -- Installing: /home/felix/ros2_dev_ws/install/turtlesim/share/turtlesim/srv/Spawn.srv
[46.796s] -- Installing: /home/felix/ros2_dev_ws/install/turtlesim/share/turtlesim/srv/Spawn_Request.msg
[46.796s] -- Installing: /home/felix/ros2_dev_ws/install/turtlesim/share/turtlesim/srv/Spawn_Response.msg
[46.796s] -- Installing: /home/felix/ros2_dev_ws/install/turtlesim/share/turtlesim/srv/TeleportAbsolute.srv
[46.797s] -- Installing: /home/felix/ros2_dev_ws/install/turtlesim/share/turtlesim/srv/TeleportAbsolute_Request.msg
[46.797s] -- Installing: /home/felix/ros2_dev_ws/install/turtlesim/share/turtlesim/srv/TeleportAbsolute_Response.msg
[46.797s] -- Installing: /home/felix/ros2_dev_ws/install/turtlesim/share/turtlesim/srv/TeleportRelative.srv
[46.797s] -- Installing: /home/felix/ros2_dev_ws/install/turtlesim/share/turtlesim/srv/TeleportRelative_Request.msg
[46.797s] -- Installing: /home/felix/ros2_dev_ws/install/turtlesim/share/turtlesim/srv/TeleportRelative_Response.msg
[46.797s] -- Installing: /home/felix/ros2_dev_ws/install/turtlesim/lib/turtlesim/turtlesim_node
[46.804s] -- Set runtime path of "/home/felix/ros2_dev_ws/install/turtlesim/lib/turtlesim/turtlesim_node" to ""
[46.804s] -- Installing: /home/felix/ros2_dev_ws/install/turtlesim/lib/turtlesim/turtle_teleop_key
[46.806s] -- Set runtime path of "/home/felix/ros2_dev_ws/install/turtlesim/lib/turtlesim/turtle_teleop_key" to ""
[46.806s] -- Installing: /home/felix/ros2_dev_ws/install/turtlesim/lib/turtlesim/draw_square
[46.810s] -- Set runtime path of "/home/felix/ros2_dev_ws/install/turtlesim/lib/turtlesim/draw_square" to ""
[46.810s] -- Installing: /home/felix/ros2_dev_ws/install/turtlesim/lib/turtlesim/mimic
[46.814s] -- Set runtime path of "/home/felix/ros2_dev_ws/install/turtlesim/lib/turtlesim/mimic" to ""
[46.814s] -- Installing: /home/felix/ros2_dev_ws/install/turtlesim/share/turtlesim/images
[46.814s] -- Installing: /home/felix/ros2_dev_ws/install/turtlesim/share/turtlesim/images/ardent.png
[46.815s] -- Installing: /home/felix/ros2_dev_ws/install/turtlesim/share/turtlesim/images/dashing.png
[46.815s] -- Installing: /home/felix/ros2_dev_ws/install/turtlesim/share/turtlesim/images/eloquent.png
[46.815s] -- Installing: /home/felix/ros2_dev_ws/install/turtlesim/share/turtlesim/images/bouncy.png
[46.815s] -- Installing: /home/felix/ros2_dev_ws/install/turtlesim/share/turtlesim/images/foxy.png
[46.815s] -- Installing: /home/felix/ros2_dev_ws/install/turtlesim/share/turtlesim/images/crystal.png
[46.815s] -- Installing: /home/felix/ros2_dev_ws/install/turtlesim/share/turtlesim/launch
[46.815s] -- Installing: /home/felix/ros2_dev_ws/install/turtlesim/share/turtlesim/launch/multisim.launch.py
[46.816s] -- Installing: /home/felix/ros2_dev_ws/install/turtlesim/share/ament_index/resource_index/package_run_dependencies/turtlesim
[46.816s] -- Installing: /home/felix/ros2_dev_ws/install/turtlesim/share/ament_index/resource_index/parent_prefix_path/turtlesim
[46.816s] -- Installing: /home/felix/ros2_dev_ws/install/turtlesim/share/turtlesim/environment/ament_prefix_path.sh
[46.816s] -- Installing: /home/felix/ros2_dev_ws/install/turtlesim/share/turtlesim/environment/ament_prefix_path.dsv
[46.816s] -- Installing: /home/felix/ros2_dev_ws/install/turtlesim/share/turtlesim/environment/path.sh
[46.817s] -- Installing: /home/felix/ros2_dev_ws/install/turtlesim/share/turtlesim/environment/path.dsv
[46.817s] -- Installing: /home/felix/ros2_dev_ws/install/turtlesim/share/turtlesim/local_setup.bash
[46.817s] -- Installing: /home/felix/ros2_dev_ws/install/turtlesim/share/turtlesim/local_setup.sh
[46.817s] -- Installing: /home/felix/ros2_dev_ws/install/turtlesim/share/turtlesim/local_setup.zsh
[46.817s] -- Installing: /home/felix/ros2_dev_ws/install/turtlesim/share/turtlesim/local_setup.dsv
[46.818s] -- Installing: /home/felix/ros2_dev_ws/install/turtlesim/share/turtlesim/package.dsv
[46.818s] -- Installing: /home/felix/ros2_dev_ws/install/turtlesim/share/ament_index/resource_index/packages/turtlesim
[46.819s] -- Installing: /home/felix/ros2_dev_ws/install/turtlesim/share/turtlesim/cmake/turtlesim__rosidl_generator_cExport.cmake
[46.819s] -- Installing: /home/felix/ros2_dev_ws/install/turtlesim/share/turtlesim/cmake/turtlesim__rosidl_generator_cExport-noconfig.cmake
[46.819s] -- Installing: /home/felix/ros2_dev_ws/install/turtlesim/share/turtlesim/cmake/turtlesim__rosidl_typesupport_introspection_cExport.cmake
[46.819s] -- Installing: /home/felix/ros2_dev_ws/install/turtlesim/share/turtlesim/cmake/turtlesim__rosidl_typesupport_introspection_cExport-noconfig.cmake
[46.819s] -- Installing: /home/felix/ros2_dev_ws/install/turtlesim/share/turtlesim/cmake/turtlesim__rosidl_typesupport_cExport.cmake
[46.820s] -- Installing: /home/felix/ros2_dev_ws/install/turtlesim/share/turtlesim/cmake/turtlesim__rosidl_typesupport_cExport-noconfig.cmake
[46.820s] -- Installing: /home/felix/ros2_dev_ws/install/turtlesim/share/turtlesim/cmake/turtlesim__rosidl_generator_cppExport.cmake
[46.820s] -- Installing: /home/felix/ros2_dev_ws/install/turtlesim/share/turtlesim/cmake/turtlesim__rosidl_typesupport_introspection_cppExport.cmake
[46.820s] -- Installing: /home/felix/ros2_dev_ws/install/turtlesim/share/turtlesim/cmake/turtlesim__rosidl_typesupport_introspection_cppExport-noconfig.cmake
[46.820s] -- Installing: /home/felix/ros2_dev_ws/install/turtlesim/share/turtlesim/cmake/turtlesim__rosidl_typesupport_cppExport.cmake
[46.821s] -- Installing: /home/felix/ros2_dev_ws/install/turtlesim/share/turtlesim/cmake/turtlesim__rosidl_typesupport_cppExport-noconfig.cmake
[46.821s] -- Installing: /home/felix/ros2_dev_ws/install/turtlesim/share/turtlesim/cmake/rosidl_cmake-extras.cmake
[46.821s] -- Installing: /home/felix/ros2_dev_ws/install/turtlesim/share/turtlesim/cmake/ament_cmake_export_dependencies-extras.cmake
[46.821s] -- Installing: /home/felix/ros2_dev_ws/install/turtlesim/share/turtlesim/cmake/ament_cmake_export_libraries-extras.cmake
[46.821s] -- Installing: /home/felix/ros2_dev_ws/install/turtlesim/share/turtlesim/cmake/ament_cmake_export_targets-extras.cmake
[46.822s] -- Installing: /home/felix/ros2_dev_ws/install/turtlesim/share/turtlesim/cmake/ament_cmake_export_include_directories-extras.cmake
[46.822s] -- Installing: /home/felix/ros2_dev_ws/install/turtlesim/share/turtlesim/cmake/rosidl_cmake_export_typesupport_libraries-extras.cmake
[46.822s] -- Installing: /home/felix/ros2_dev_ws/install/turtlesim/share/turtlesim/cmake/rosidl_cmake_export_typesupport_targets-extras.cmake
[46.822s] -- Installing: /home/felix/ros2_dev_ws/install/turtlesim/share/turtlesim/cmake/turtlesimConfig.cmake
[46.822s] -- Installing: /home/felix/ros2_dev_ws/install/turtlesim/share/turtlesim/cmake/turtlesimConfig-version.cmake
[46.822s] -- Installing: /home/felix/ros2_dev_ws/install/turtlesim/share/turtlesim/package.xml
[46.827s] Invoked command in '/home/felix/ros2_dev_ws/build/turtlesim' returned '0': CMAKE_PREFIX_PATH=/opt/ros/foxy /usr/bin/cmake --install /home/felix/ros2_dev_ws/build/turtlesim
