[2.794s] DEBUG:colcon:Command line arguments: ['/usr/bin/colcon', 'build']
[2.794s] DEBUG:colcon:Parsed command line arguments: Namespace(ament_cmake_args=None, base_paths=['.'], build_base='build', catkin_cmake_args=None, catkin_skip_building_tests=False, cmake_args=None, cmake_clean_cache=False, cmake_clean_first=False, cmake_force_configure=False, cmake_target=None, cmake_target_skip_unavailable=False, continue_on_error=False, event_handlers=None, executor='parallel', ignore_user_meta=False, install_base='install', log_base=None, log_level=None, main=<bound method BuildVerb.main of <colcon_core.verb.build.BuildVerb object at 0x7fc2530d7520>>, merge_install=False, metas=['./colcon.meta'], packages_above=None, packages_above_and_dependencies=None, packages_above_depth=None, packages_end=None, packages_ignore=None, packages_ignore_regex=None, packages_select=None, packages_select_build_failed=False, packages_select_by_dep=None, packages_select_regex=None, packages_select_test_failures=False, packages_skip=None, packages_skip_build_finished=False, packages_skip_by_dep=None, packages_skip_regex=None, packages_skip_test_passed=False, packages_skip_up_to=None, packages_start=None, packages_up_to=None, packages_up_to_regex=None, parallel_workers=8, paths=None, symlink_install=False, test_result_base=None, verb_extension=<colcon_core.verb.build.BuildVerb object at 0x7fc2530d7520>, verb_name='build', verb_parser=<colcon_defaults.argument_parser.defaults.DefaultArgumentsDecorator object at 0x7fc2530d7a60>)
[2.837s] Level 1:colcon.colcon_core.package_discovery:discover_packages(colcon_meta) check parameters
[2.838s] Level 1:colcon.colcon_core.package_discovery:discover_packages(recursive) check parameters
[2.838s] Level 1:colcon.colcon_core.package_discovery:discover_packages(ignore) check parameters
[2.838s] Level 1:colcon.colcon_core.package_discovery:discover_packages(path) check parameters
[2.838s] Level 1:colcon.colcon_core.package_discovery:discover_packages(colcon_meta) discover
[2.838s] Level 1:colcon.colcon_core.package_discovery:discover_packages(recursive) discover
[2.838s] INFO:colcon.colcon_core.package_discovery:Crawling recursively for packages in '/home/felix/ros2_dev_ws'
[2.838s] Level 1:colcon.colcon_core.package_identification:_identify(.) by extensions ['ignore', 'ignore_ament_install']
[2.839s] Level 1:colcon.colcon_core.package_identification:_identify(.) by extension 'ignore'
[2.839s] Level 1:colcon.colcon_core.package_identification:_identify(.) by extension 'ignore_ament_install'
[2.839s] Level 1:colcon.colcon_core.package_identification:_identify(.) by extensions ['colcon_pkg']
[2.839s] Level 1:colcon.colcon_core.package_identification:_identify(.) by extension 'colcon_pkg'
[2.839s] Level 1:colcon.colcon_core.package_identification:_identify(.) by extensions ['colcon_meta']
[2.839s] Level 1:colcon.colcon_core.package_identification:_identify(.) by extension 'colcon_meta'
[2.839s] Level 1:colcon.colcon_core.package_identification:_identify(.) by extensions ['ros']
[2.839s] Level 1:colcon.colcon_core.package_identification:_identify(.) by extension 'ros'
[2.857s] Level 1:colcon.colcon_core.package_identification:_identify(.) by extensions ['cmake', 'python']
[2.857s] Level 1:colcon.colcon_core.package_identification:_identify(.) by extension 'cmake'
[2.857s] Level 1:colcon.colcon_core.package_identification:_identify(.) by extension 'python'
[2.857s] Level 1:colcon.colcon_core.package_identification:_identify(.) by extensions ['python_setup_py']
[2.857s] Level 1:colcon.colcon_core.package_identification:_identify(.) by extension 'python_setup_py'
[2.857s] Level 1:colcon.colcon_core.package_identification:_identify(build) by extensions ['ignore', 'ignore_ament_install']
[2.858s] Level 1:colcon.colcon_core.package_identification:_identify(build) by extension 'ignore'
[2.858s] Level 1:colcon.colcon_core.package_identification:_identify(build) ignored
[2.858s] Level 1:colcon.colcon_core.package_identification:_identify(install) by extensions ['ignore', 'ignore_ament_install']
[2.858s] Level 1:colcon.colcon_core.package_identification:_identify(install) by extension 'ignore'
[2.858s] Level 1:colcon.colcon_core.package_identification:_identify(install) ignored
[2.858s] Level 1:colcon.colcon_core.package_identification:_identify(log) by extensions ['ignore', 'ignore_ament_install']
[2.858s] Level 1:colcon.colcon_core.package_identification:_identify(log) by extension 'ignore'
[2.858s] Level 1:colcon.colcon_core.package_identification:_identify(log) ignored
[2.858s] Level 1:colcon.colcon_core.package_identification:_identify(src) by extensions ['ignore', 'ignore_ament_install']
[2.859s] Level 1:colcon.colcon_core.package_identification:_identify(src) by extension 'ignore'
[2.859s] Level 1:colcon.colcon_core.package_identification:_identify(src) by extension 'ignore_ament_install'
[2.859s] Level 1:colcon.colcon_core.package_identification:_identify(src) by extensions ['colcon_pkg']
[2.859s] Level 1:colcon.colcon_core.package_identification:_identify(src) by extension 'colcon_pkg'
[2.859s] Level 1:colcon.colcon_core.package_identification:_identify(src) by extensions ['colcon_meta']
[2.859s] Level 1:colcon.colcon_core.package_identification:_identify(src) by extension 'colcon_meta'
[2.859s] Level 1:colcon.colcon_core.package_identification:_identify(src) by extensions ['ros']
[2.859s] Level 1:colcon.colcon_core.package_identification:_identify(src) by extension 'ros'
[2.859s] Level 1:colcon.colcon_core.package_identification:_identify(src) by extensions ['cmake', 'python']
[2.859s] Level 1:colcon.colcon_core.package_identification:_identify(src) by extension 'cmake'
[2.859s] Level 1:colcon.colcon_core.package_identification:_identify(src) by extension 'python'
[2.859s] Level 1:colcon.colcon_core.package_identification:_identify(src) by extensions ['python_setup_py']
[2.859s] Level 1:colcon.colcon_core.package_identification:_identify(src) by extension 'python_setup_py'
[2.860s] Level 1:colcon.colcon_core.package_identification:_identify(src/ros_tutorials) by extensions ['ignore', 'ignore_ament_install']
[2.860s] Level 1:colcon.colcon_core.package_identification:_identify(src/ros_tutorials) by extension 'ignore'
[2.860s] Level 1:colcon.colcon_core.package_identification:_identify(src/ros_tutorials) by extension 'ignore_ament_install'
[2.860s] Level 1:colcon.colcon_core.package_identification:_identify(src/ros_tutorials) by extensions ['colcon_pkg']
[2.860s] Level 1:colcon.colcon_core.package_identification:_identify(src/ros_tutorials) by extension 'colcon_pkg'
[2.860s] Level 1:colcon.colcon_core.package_identification:_identify(src/ros_tutorials) by extensions ['colcon_meta']
[2.860s] Level 1:colcon.colcon_core.package_identification:_identify(src/ros_tutorials) by extension 'colcon_meta'
[2.860s] Level 1:colcon.colcon_core.package_identification:_identify(src/ros_tutorials) by extensions ['ros']
[2.860s] Level 1:colcon.colcon_core.package_identification:_identify(src/ros_tutorials) by extension 'ros'
[2.860s] Level 1:colcon.colcon_core.package_identification:_identify(src/ros_tutorials) by extensions ['cmake', 'python']
[2.860s] Level 1:colcon.colcon_core.package_identification:_identify(src/ros_tutorials) by extension 'cmake'
[2.860s] Level 1:colcon.colcon_core.package_identification:_identify(src/ros_tutorials) by extension 'python'
[2.860s] Level 1:colcon.colcon_core.package_identification:_identify(src/ros_tutorials) by extensions ['python_setup_py']
[2.861s] Level 1:colcon.colcon_core.package_identification:_identify(src/ros_tutorials) by extension 'python_setup_py'
[2.861s] Level 1:colcon.colcon_core.package_identification:_identify(src/ros_tutorials/ros_tutorials) by extensions ['ignore', 'ignore_ament_install']
[2.861s] Level 1:colcon.colcon_core.package_identification:_identify(src/ros_tutorials/ros_tutorials) by extension 'ignore'
[2.861s] Level 1:colcon.colcon_core.package_identification:_identify(src/ros_tutorials/ros_tutorials) ignored
[2.861s] Level 1:colcon.colcon_core.package_identification:_identify(src/ros_tutorials/roscpp_tutorials) by extensions ['ignore', 'ignore_ament_install']
[2.861s] Level 1:colcon.colcon_core.package_identification:_identify(src/ros_tutorials/roscpp_tutorials) by extension 'ignore'
[2.861s] Level 1:colcon.colcon_core.package_identification:_identify(src/ros_tutorials/roscpp_tutorials) ignored
[2.861s] Level 1:colcon.colcon_core.package_identification:_identify(src/ros_tutorials/rospy_tutorials) by extensions ['ignore', 'ignore_ament_install']
[2.861s] Level 1:colcon.colcon_core.package_identification:_identify(src/ros_tutorials/rospy_tutorials) by extension 'ignore'
[2.862s] Level 1:colcon.colcon_core.package_identification:_identify(src/ros_tutorials/rospy_tutorials) ignored
[2.862s] Level 1:colcon.colcon_core.package_identification:_identify(src/ros_tutorials/turtlesim) by extensions ['ignore', 'ignore_ament_install']
[2.862s] Level 1:colcon.colcon_core.package_identification:_identify(src/ros_tutorials/turtlesim) by extension 'ignore'
[2.862s] Level 1:colcon.colcon_core.package_identification:_identify(src/ros_tutorials/turtlesim) by extension 'ignore_ament_install'
[2.862s] Level 1:colcon.colcon_core.package_identification:_identify(src/ros_tutorials/turtlesim) by extensions ['colcon_pkg']
[2.862s] Level 1:colcon.colcon_core.package_identification:_identify(src/ros_tutorials/turtlesim) by extension 'colcon_pkg'
[2.862s] Level 1:colcon.colcon_core.package_identification:_identify(src/ros_tutorials/turtlesim) by extensions ['colcon_meta']
[2.862s] Level 1:colcon.colcon_core.package_identification:_identify(src/ros_tutorials/turtlesim) by extension 'colcon_meta'
[2.862s] Level 1:colcon.colcon_core.package_identification:_identify(src/ros_tutorials/turtlesim) by extensions ['ros']
[2.862s] Level 1:colcon.colcon_core.package_identification:_identify(src/ros_tutorials/turtlesim) by extension 'ros'
[2.867s] DEBUG:colcon.colcon_core.package_identification:Package 'src/ros_tutorials/turtlesim' with type 'ros.ament_cmake' and name 'turtlesim'
[2.867s] Level 1:colcon.colcon_core.package_discovery:discover_packages(recursive) using defaults
[2.867s] Level 1:colcon.colcon_core.package_discovery:discover_packages(ignore) discover
[2.867s] Level 1:colcon.colcon_core.package_discovery:discover_packages(ignore) using defaults
[2.867s] Level 1:colcon.colcon_core.package_discovery:discover_packages(path) discover
[2.868s] Level 1:colcon.colcon_core.package_discovery:discover_packages(path) using defaults
[3.128s] Level 5:colcon.colcon_core.verb:set package 'turtlesim' build argument 'cmake_args' from command line to 'None'
[3.128s] Level 5:colcon.colcon_core.verb:set package 'turtlesim' build argument 'cmake_target' from command line to 'None'
[3.129s] Level 5:colcon.colcon_core.verb:set package 'turtlesim' build argument 'cmake_target_skip_unavailable' from command line to 'False'
[3.129s] Level 5:colcon.colcon_core.verb:set package 'turtlesim' build argument 'cmake_clean_cache' from command line to 'False'
[3.129s] Level 5:colcon.colcon_core.verb:set package 'turtlesim' build argument 'cmake_clean_first' from command line to 'False'
[3.129s] Level 5:colcon.colcon_core.verb:set package 'turtlesim' build argument 'cmake_force_configure' from command line to 'False'
[3.129s] Level 5:colcon.colcon_core.verb:set package 'turtlesim' build argument 'ament_cmake_args' from command line to 'None'
[3.129s] Level 5:colcon.colcon_core.verb:set package 'turtlesim' build argument 'catkin_cmake_args' from command line to 'None'
[3.129s] Level 5:colcon.colcon_core.verb:set package 'turtlesim' build argument 'catkin_skip_building_tests' from command line to 'False'
[3.129s] DEBUG:colcon.colcon_core.verb:Building package 'turtlesim' with the following arguments: {'ament_cmake_args': None, 'build_base': '/home/felix/ros2_dev_ws/build/turtlesim', 'catkin_cmake_args': None, 'catkin_skip_building_tests': False, 'cmake_args': None, 'cmake_clean_cache': False, 'cmake_clean_first': False, 'cmake_force_configure': False, 'cmake_target': None, 'cmake_target_skip_unavailable': False, 'install_base': '/home/felix/ros2_dev_ws/install/turtlesim', 'merge_install': False, 'path': '/home/felix/ros2_dev_ws/src/ros_tutorials/turtlesim', 'symlink_install': False, 'test_result_base': None}
[3.129s] INFO:colcon.colcon_core.executor:Executing jobs using 'parallel' executor
[3.132s] DEBUG:colcon.colcon_parallel_executor.executor.parallel:run_until_complete
[3.133s] INFO:colcon.colcon_ros.task.ament_cmake.build:Building ROS package in '/home/felix/ros2_dev_ws/src/ros_tutorials/turtlesim' with build type 'ament_cmake'
[3.133s] INFO:colcon.colcon_cmake.task.cmake.build:Building CMake package in '/home/felix/ros2_dev_ws/src/ros_tutorials/turtlesim'
[3.153s] INFO:colcon.colcon_core.plugin_system:Skipping extension 'colcon_core.shell.bat': Not used on non-Windows systems
[3.154s] INFO:colcon.colcon_core.shell:Skip shell extension 'powershell' for command environment: Not usable outside of PowerShell
[3.154s] DEBUG:colcon.colcon_core.shell:Skip shell extension 'dsv' for command environment
[3.160s] DEBUG:colcon.colcon_core.shell:Ignoring prefix path '/opt/ros/foxy'
[3.189s] DEBUG:colcon.colcon_core.event_handler.log_command:Invoking command in '/home/felix/ros2_dev_ws/build/turtlesim': CMAKE_PREFIX_PATH=/opt/ros/foxy /usr/bin/cmake /home/felix/ros2_dev_ws/src/ros_tutorials/turtlesim -DCMAKE_INSTALL_PREFIX=/home/felix/ros2_dev_ws/install/turtlesim
[13.602s] DEBUG:colcon.colcon_core.event_handler.log_command:Invoked command in '/home/felix/ros2_dev_ws/build/turtlesim' returned '0': CMAKE_PREFIX_PATH=/opt/ros/foxy /usr/bin/cmake /home/felix/ros2_dev_ws/src/ros_tutorials/turtlesim -DCMAKE_INSTALL_PREFIX=/home/felix/ros2_dev_ws/install/turtlesim
[13.608s] DEBUG:colcon.colcon_core.event_handler.log_command:Invoking command in '/home/felix/ros2_dev_ws/build/turtlesim': CMAKE_PREFIX_PATH=/opt/ros/foxy /usr/bin/cmake --build /home/felix/ros2_dev_ws/build/turtlesim -- -j8 -l8
[49.502s] DEBUG:colcon.colcon_core.event_handler.log_command:Invoked command in '/home/felix/ros2_dev_ws/build/turtlesim' returned '0': CMAKE_PREFIX_PATH=/opt/ros/foxy /usr/bin/cmake --build /home/felix/ros2_dev_ws/build/turtlesim -- -j8 -l8
[49.733s] DEBUG:colcon.colcon_core.event_handler.log_command:Invoking command in '/home/felix/ros2_dev_ws/build/turtlesim': CMAKE_PREFIX_PATH=/opt/ros/foxy /usr/bin/cmake --install /home/felix/ros2_dev_ws/build/turtlesim
[49.959s] Level 1:colcon.colcon_core.environment:create_environment_scripts_only(turtlesim)
[49.961s] DEBUG:colcon.colcon_core.event_handler.log_command:Invoked command in '/home/felix/ros2_dev_ws/build/turtlesim' returned '0': CMAKE_PREFIX_PATH=/opt/ros/foxy /usr/bin/cmake --install /home/felix/ros2_dev_ws/build/turtlesim
[50.065s] Level 1:colcon.colcon_core.environment:checking '/home/felix/ros2_dev_ws/install/turtlesim' for CMake module files
[50.066s] Level 1:colcon.colcon_core.environment:checking '/home/felix/ros2_dev_ws/install/turtlesim' for CMake config files
[50.067s] Level 1:colcon.colcon_core.shell:create_environment_hook('turtlesim', 'cmake_prefix_path')
[50.069s] INFO:colcon.colcon_core.shell:Creating environment hook '/home/felix/ros2_dev_ws/install/turtlesim/share/turtlesim/hook/cmake_prefix_path.ps1'
[50.087s] INFO:colcon.colcon_core.shell:Creating environment descriptor '/home/felix/ros2_dev_ws/install/turtlesim/share/turtlesim/hook/cmake_prefix_path.dsv'
[50.101s] INFO:colcon.colcon_core.shell:Creating environment hook '/home/felix/ros2_dev_ws/install/turtlesim/share/turtlesim/hook/cmake_prefix_path.sh'
[50.104s] Level 1:colcon.colcon_core.environment:checking '/home/felix/ros2_dev_ws/install/turtlesim/lib'
[50.104s] Level 1:colcon.colcon_core.shell:create_environment_hook('turtlesim', 'ld_library_path_lib')
[50.105s] INFO:colcon.colcon_core.shell:Creating environment hook '/home/felix/ros2_dev_ws/install/turtlesim/share/turtlesim/hook/ld_library_path_lib.ps1'
[50.106s] INFO:colcon.colcon_core.shell:Creating environment descriptor '/home/felix/ros2_dev_ws/install/turtlesim/share/turtlesim/hook/ld_library_path_lib.dsv'
[50.106s] INFO:colcon.colcon_core.shell:Creating environment hook '/home/felix/ros2_dev_ws/install/turtlesim/share/turtlesim/hook/ld_library_path_lib.sh'
[50.107s] Level 1:colcon.colcon_core.environment:checking '/home/felix/ros2_dev_ws/install/turtlesim/bin'
[50.107s] Level 1:colcon.colcon_core.environment:checking '/home/felix/ros2_dev_ws/install/turtlesim/lib/pkgconfig/turtlesim.pc'
[50.107s] Level 1:colcon.colcon_core.environment:checking '/home/felix/ros2_dev_ws/install/turtlesim/lib/python3.8/site-packages'
[50.107s] Level 1:colcon.colcon_core.shell:create_environment_hook('turtlesim', 'pythonpath')
[50.109s] INFO:colcon.colcon_core.shell:Creating environment hook '/home/felix/ros2_dev_ws/install/turtlesim/share/turtlesim/hook/pythonpath.ps1'
[50.109s] INFO:colcon.colcon_core.shell:Creating environment descriptor '/home/felix/ros2_dev_ws/install/turtlesim/share/turtlesim/hook/pythonpath.dsv'
[50.110s] INFO:colcon.colcon_core.shell:Creating environment hook '/home/felix/ros2_dev_ws/install/turtlesim/share/turtlesim/hook/pythonpath.sh'
[50.111s] INFO:colcon.colcon_core.shell:Creating package script '/home/felix/ros2_dev_ws/install/turtlesim/share/turtlesim/package.ps1'
[50.113s] INFO:colcon.colcon_core.shell:Creating package descriptor '/home/felix/ros2_dev_ws/install/turtlesim/share/turtlesim/package.dsv'
[50.114s] INFO:colcon.colcon_core.shell:Creating package script '/home/felix/ros2_dev_ws/install/turtlesim/share/turtlesim/package.sh'
[50.116s] INFO:colcon.colcon_core.shell:Creating package script '/home/felix/ros2_dev_ws/install/turtlesim/share/turtlesim/package.bash'
[50.142s] INFO:colcon.colcon_core.shell:Creating package script '/home/felix/ros2_dev_ws/install/turtlesim/share/turtlesim/package.zsh'
[50.166s] Level 1:colcon.colcon_core.environment:create_file_with_runtime_dependencies(/home/felix/ros2_dev_ws/install/turtlesim/share/colcon-core/packages/turtlesim)
[50.376s] Level 1:colcon.colcon_core.environment:create_environment_scripts_only(turtlesim)
[50.378s] Level 1:colcon.colcon_core.environment:checking '/home/felix/ros2_dev_ws/install/turtlesim' for CMake module files
[50.380s] Level 1:colcon.colcon_core.environment:checking '/home/felix/ros2_dev_ws/install/turtlesim' for CMake config files
[50.381s] Level 1:colcon.colcon_core.shell:create_environment_hook('turtlesim', 'cmake_prefix_path')
[50.382s] INFO:colcon.colcon_core.shell:Creating environment hook '/home/felix/ros2_dev_ws/install/turtlesim/share/turtlesim/hook/cmake_prefix_path.ps1'
[50.383s] INFO:colcon.colcon_core.shell:Creating environment descriptor '/home/felix/ros2_dev_ws/install/turtlesim/share/turtlesim/hook/cmake_prefix_path.dsv'
[50.384s] INFO:colcon.colcon_core.shell:Creating environment hook '/home/felix/ros2_dev_ws/install/turtlesim/share/turtlesim/hook/cmake_prefix_path.sh'
[50.385s] Level 1:colcon.colcon_core.environment:checking '/home/felix/ros2_dev_ws/install/turtlesim/lib'
[50.385s] Level 1:colcon.colcon_core.shell:create_environment_hook('turtlesim', 'ld_library_path_lib')
[50.386s] INFO:colcon.colcon_core.shell:Creating environment hook '/home/felix/ros2_dev_ws/install/turtlesim/share/turtlesim/hook/ld_library_path_lib.ps1'
[50.387s] INFO:colcon.colcon_core.shell:Creating environment descriptor '/home/felix/ros2_dev_ws/install/turtlesim/share/turtlesim/hook/ld_library_path_lib.dsv'
[50.387s] INFO:colcon.colcon_core.shell:Creating environment hook '/home/felix/ros2_dev_ws/install/turtlesim/share/turtlesim/hook/ld_library_path_lib.sh'
[50.388s] Level 1:colcon.colcon_core.environment:checking '/home/felix/ros2_dev_ws/install/turtlesim/bin'
[50.388s] Level 1:colcon.colcon_core.environment:checking '/home/felix/ros2_dev_ws/install/turtlesim/lib/pkgconfig/turtlesim.pc'
[50.388s] Level 1:colcon.colcon_core.environment:checking '/home/felix/ros2_dev_ws/install/turtlesim/lib/python3.8/site-packages'
[50.388s] Level 1:colcon.colcon_core.shell:create_environment_hook('turtlesim', 'pythonpath')
[50.389s] INFO:colcon.colcon_core.shell:Creating environment hook '/home/felix/ros2_dev_ws/install/turtlesim/share/turtlesim/hook/pythonpath.ps1'
[50.389s] INFO:colcon.colcon_core.shell:Creating environment descriptor '/home/felix/ros2_dev_ws/install/turtlesim/share/turtlesim/hook/pythonpath.dsv'
[50.390s] INFO:colcon.colcon_core.shell:Creating environment hook '/home/felix/ros2_dev_ws/install/turtlesim/share/turtlesim/hook/pythonpath.sh'
[50.391s] INFO:colcon.colcon_core.shell:Creating package script '/home/felix/ros2_dev_ws/install/turtlesim/share/turtlesim/package.ps1'
[50.392s] INFO:colcon.colcon_core.shell:Creating package descriptor '/home/felix/ros2_dev_ws/install/turtlesim/share/turtlesim/package.dsv'
[50.393s] INFO:colcon.colcon_core.shell:Creating package script '/home/felix/ros2_dev_ws/install/turtlesim/share/turtlesim/package.sh'
[50.394s] INFO:colcon.colcon_core.shell:Creating package script '/home/felix/ros2_dev_ws/install/turtlesim/share/turtlesim/package.bash'
[50.512s] INFO:colcon.colcon_core.shell:Creating package script '/home/felix/ros2_dev_ws/install/turtlesim/share/turtlesim/package.zsh'
[50.513s] Level 1:colcon.colcon_core.environment:create_file_with_runtime_dependencies(/home/felix/ros2_dev_ws/install/turtlesim/share/colcon-core/packages/turtlesim)
[50.514s] DEBUG:colcon.colcon_parallel_executor.executor.parallel:closing loop
[50.514s] DEBUG:colcon.colcon_parallel_executor.executor.parallel:loop closed
[50.515s] DEBUG:colcon.colcon_parallel_executor.executor.parallel:run_until_complete finished with '0'
[50.515s] DEBUG:colcon.colcon_core.event_reactor:joining thread
[50.548s] INFO:colcon.colcon_core.plugin_system:Skipping extension 'colcon_notification.desktop_notification.terminal_notifier': Not used on non-Darwin systems
[50.548s] INFO:colcon.colcon_core.plugin_system:Skipping extension 'colcon_notification.desktop_notification.win32': Not used on non-Windows systems
[50.548s] INFO:colcon.colcon_notification.desktop_notification:Sending desktop notification using 'notify2'
[50.584s] DEBUG:colcon.colcon_core.event_reactor:joined thread
[50.586s] INFO:colcon.colcon_core.shell:Creating prefix script '/home/felix/ros2_dev_ws/install/local_setup.ps1'
[50.595s] INFO:colcon.colcon_core.shell:Creating prefix util module '/home/felix/ros2_dev_ws/install/_local_setup_util_ps1.py'
[50.906s] INFO:colcon.colcon_core.shell:Creating prefix chain script '/home/felix/ros2_dev_ws/install/setup.ps1'
[50.963s] INFO:colcon.colcon_core.shell:Creating prefix script '/home/felix/ros2_dev_ws/install/local_setup.sh'
[50.967s] INFO:colcon.colcon_core.shell:Creating prefix util module '/home/felix/ros2_dev_ws/install/_local_setup_util_sh.py'
[50.969s] INFO:colcon.colcon_core.shell:Creating prefix chain script '/home/felix/ros2_dev_ws/install/setup.sh'
[50.974s] INFO:colcon.colcon_core.shell:Creating prefix script '/home/felix/ros2_dev_ws/install/local_setup.bash'
[50.975s] INFO:colcon.colcon_core.shell:Creating prefix chain script '/home/felix/ros2_dev_ws/install/setup.bash'
[50.979s] INFO:colcon.colcon_core.shell:Creating prefix script '/home/felix/ros2_dev_ws/install/local_setup.zsh'
[50.979s] INFO:colcon.colcon_core.shell:Creating prefix chain script '/home/felix/ros2_dev_ws/install/setup.zsh'
